#
# There is insufficient memory for the Java Runtime Environment to continue.
# Native memory allocation (malloc) failed to allocate 2294704 bytes. Error detail: Chunk::new
# Possible reasons:
#   The system is out of physical RAM or swap space
#   This process is running with CompressedOops enabled, and the Java Heap may be blocking the growth of the native heap
# Possible solutions:
#   Reduce memory load on the system
#   Increase physical memory or swap space
#   Check if swap backing store is full
#   Decrease Java heap size (-Xmx/-Xms)
#   Decrease number of Java threads
#   Decrease Java thread stack sizes (-Xss)
#   Set larger code cache with -XX:ReservedCodeCacheSize=
#   JVM is running with Unscaled Compressed Oops mode in which the Java heap is
#     placed in the first 4GB address space. The Java Heap base address is the
#     maximum limit for the native heap growth. Please use -XX:HeapBaseMinAddress
#     to set the Java Heap base and to place the Java Heap above 4GB virtual address.
# This output file may be truncated or incomplete.
#
#  Out of Memory Error (arena.cpp:191), pid=5268, tid=22448
#
# JRE version: OpenJDK Runtime Environment Microsoft-11369865 (17.0.15+6) (build 17.0.15+6-LTS)
# Java VM: OpenJDK 64-Bit Server VM Microsoft-11369865 (17.0.15+6-LTS, mixed mode, sharing, tiered, compressed oops, compressed class ptrs, g1 gc, windows-amd64)
# No core dump will be written. Minidumps are not enabled by default on client versions of Windows
#

---------------  S U M M A R Y ------------

Command Line: -javaagent:C:\Program Files\JetBrains\IntelliJ IDEA Community Edition 2025.1.1\lib\idea_rt.jar=55874 -Dfile.encoding=UTF-8 com.employee.EmployeeApplication

Host: Intel(R) Core(TM) i3-1005G1 CPU @ 1.20GHz, 4 cores, 3G,  Windows 11 , 64 bit Build 22621 (10.0.22621.5305)
Time: Thu May 29 14:22:24 2025 India Standard Time elapsed time: 36.725222 seconds (0d 0h 0m 36s)

---------------  T H R E A D  ---------------

Current thread (0x000001fd323c65c0):  JavaThread "C2 CompilerThread0" daemon [_thread_in_native, id=22448, stack(0x000000bac8800000,0x000000bac8900000)]


Current CompileTask:
C2:  36725 9523       4       java.lang.Class::annotationData (44 bytes)

Stack: [0x000000bac8800000,0x000000bac8900000]
Native frames: (J=compiled Java code, j=interpreted, Vv=VM code, C=native code)
V  [jvm.dll+0x6887a9]
V  [jvm.dll+0x83f5a8]
V  [jvm.dll+0x841053]
V  [jvm.dll+0x8416c3]
V  [jvm.dll+0x2496ef]
V  [jvm.dll+0xad134]
V  [jvm.dll+0xad7cc]
V  [jvm.dll+0x36af2e]
V  [jvm.dll+0x1bd065]
V  [jvm.dll+0x21aa7c]
V  [jvm.dll+0x219d3f]
V  [jvm.dll+0x1a55f6]
V  [jvm.dll+0x22a39a]
V  [jvm.dll+0x2284db]
V  [jvm.dll+0x7f4e28]
V  [jvm.dll+0x7ef2dc]
V  [jvm.dll+0x687687]
C  [ucrtbase.dll+0x29333]
C  [KERNEL32.DLL+0x1259d]
C  [ntdll.dll+0x5af78]


---------------  P R O C E S S  ---------------

Threads class SMR info:
_java_thread_list=0x000001fd325e74e0, length=35, elements={
0x000001fd323ab7a0, 0x000001fd323ac360, 0x000001fd323bf970, 0x000001fd323c0530,
0x000001fd323c4f10, 0x000001fd323c58d0, 0x000001fd323c65c0, 0x000001fd32414300,
0x000001fd32426370, 0x000001fd32390960, 0x000001fd3286e270, 0x000001fd326c7670,
0x000001fd79fa6010, 0x000001fd79fa6f40, 0x000001fd79fa8890, 0x000001fd79fa6a30,
0x000001fd79fa6520, 0x000001fd79fa7450, 0x000001fd79fa7e70, 0x000001fd79fa92b0,
0x000001fd79fa8380, 0x000001fd7bec0940, 0x000001fd7bec2cb0, 0x000001fd7bebfa10,
0x000001fd7bec5020, 0x000001fd7bec1d80, 0x000001fd7bec7390, 0x000001fd7bec3be0,
0x000001fd7bec1360, 0x000001fd7bebff20, 0x000001fd7bec40f0, 0x000001fd7bec5a40,
0x000001fd7bec6460, 0x000001fd7bec5530, 0x000001fd7bec0430
}

Java Threads: ( => current thread )
  0x000001fd323ab7a0 JavaThread "Reference Handler" daemon [_thread_blocked, id=7940, stack(0x000000bac8200000,0x000000bac8300000)]
  0x000001fd323ac360 JavaThread "Finalizer" daemon [_thread_blocked, id=8396, stack(0x000000bac8300000,0x000000bac8400000)]
  0x000001fd323bf970 JavaThread "Signal Dispatcher" daemon [_thread_blocked, id=10556, stack(0x000000bac8400000,0x000000bac8500000)]
  0x000001fd323c0530 JavaThread "Attach Listener" daemon [_thread_blocked, id=18552, stack(0x000000bac8500000,0x000000bac8600000)]
  0x000001fd323c4f10 JavaThread "Service Thread" daemon [_thread_blocked, id=13640, stack(0x000000bac8600000,0x000000bac8700000)]
  0x000001fd323c58d0 JavaThread "Monitor Deflation Thread" daemon [_thread_blocked, id=22332, stack(0x000000bac8700000,0x000000bac8800000)]
=>0x000001fd323c65c0 JavaThread "C2 CompilerThread0" daemon [_thread_in_native, id=22448, stack(0x000000bac8800000,0x000000bac8900000)]
  0x000001fd32414300 JavaThread "C1 CompilerThread0" daemon [_thread_blocked, id=18516, stack(0x000000bac8900000,0x000000bac8a00000)]
  0x000001fd32426370 JavaThread "Sweeper thread" daemon [_thread_blocked, id=16504, stack(0x000000bac8a00000,0x000000bac8b00000)]
  0x000001fd32390960 JavaThread "Common-Cleaner" daemon [_thread_blocked, id=13524, stack(0x000000bac8b00000,0x000000bac8c00000)]
  0x000001fd3286e270 JavaThread "Monitor Ctrl-Break" daemon [_thread_in_native, id=21896, stack(0x000000bac8c00000,0x000000bac8d00000)]
  0x000001fd326c7670 JavaThread "Notification Thread" daemon [_thread_blocked, id=17996, stack(0x000000bac8d00000,0x000000bac8e00000)]
  0x000001fd79fa6010 JavaThread "Catalina-utility-1" [_thread_blocked, id=22416, stack(0x000000bac9400000,0x000000bac9500000)]
  0x000001fd79fa6f40 JavaThread "Catalina-utility-2" [_thread_blocked, id=20552, stack(0x000000bac9600000,0x000000bac9700000)]
  0x000001fd79fa8890 JavaThread "container-0" [_thread_blocked, id=18004, stack(0x000000bac9700000,0x000000bac9800000)]
  0x000001fd79fa6a30 JavaThread "mysql-cj-abandoned-connection-cleanup" daemon [_thread_blocked, id=18136, stack(0x000000bac9800000,0x000000bac9900000)]
  0x000001fd79fa6520 JavaThread "HikariPool-1 housekeeper" daemon [_thread_blocked, id=13924, stack(0x000000bac9a00000,0x000000bac9b00000)]
  0x000001fd79fa7450 JavaThread "File Watcher" daemon [_thread_blocked, id=20408, stack(0x000000bac9b00000,0x000000bac9c00000)]
  0x000001fd79fa7e70 JavaThread "Live Reload Server" daemon [_thread_in_native, id=12316, stack(0x000000bac9d00000,0x000000bac9e00000)]
  0x000001fd79fa92b0 JavaThread "http-nio-8080-exec-1" daemon [_thread_blocked, id=18640, stack(0x000000bac9c00000,0x000000bac9d00000)]
  0x000001fd79fa8380 JavaThread "http-nio-8080-exec-2" daemon [_thread_blocked, id=10948, stack(0x000000bac9e00000,0x000000bac9f00000)]
  0x000001fd7bec0940 JavaThread "http-nio-8080-exec-3" daemon [_thread_blocked, id=5536, stack(0x000000bac9f00000,0x000000baca000000)]
  0x000001fd7bec2cb0 JavaThread "http-nio-8080-exec-4" daemon [_thread_blocked, id=18088, stack(0x000000baca000000,0x000000baca100000)]
  0x000001fd7bebfa10 JavaThread "http-nio-8080-exec-5" daemon [_thread_blocked, id=21800, stack(0x000000baca100000,0x000000baca200000)]
  0x000001fd7bec5020 JavaThread "http-nio-8080-exec-6" daemon [_thread_blocked, id=20276, stack(0x000000baca200000,0x000000baca300000)]
  0x000001fd7bec1d80 JavaThread "http-nio-8080-exec-7" daemon [_thread_blocked, id=21732, stack(0x000000baca300000,0x000000baca400000)]
  0x000001fd7bec7390 JavaThread "http-nio-8080-exec-8" daemon [_thread_blocked, id=21536, stack(0x000000baca400000,0x000000baca500000)]
  0x000001fd7bec3be0 JavaThread "http-nio-8080-exec-9" daemon [_thread_in_vm, id=3036, stack(0x000000baca500000,0x000000baca600000)]
  0x000001fd7bec1360 JavaThread "http-nio-8080-exec-10" daemon [_thread_blocked, id=22340, stack(0x000000baca600000,0x000000baca700000)]
  0x000001fd7bebff20 JavaThread "http-nio-8080-Poller" daemon [_thread_in_native, id=12476, stack(0x000000baca700000,0x000000baca800000)]
  0x000001fd7bec40f0 JavaThread "http-nio-8080-Acceptor" daemon [_thread_in_native, id=19856, stack(0x000000baca800000,0x000000baca900000)]
  0x000001fd7bec5a40 JavaThread "DestroyJavaVM" [_thread_blocked, id=18736, stack(0x000000bac7b00000,0x000000bac7c00000)]
  0x000001fd7bec6460 JavaThread "ForkJoinPool.commonPool-worker-1" daemon [_thread_blocked, id=7900, stack(0x000000bac7800000,0x000000bac7900000)]
  0x000001fd7bec5530 JavaThread "ForkJoinPool.commonPool-worker-2" daemon [_thread_blocked, id=10380, stack(0x000000bac9200000,0x000000bac9300000)]
  0x000001fd7bec0430 JavaThread "ForkJoinPool.commonPool-worker-3" daemon [_thread_blocked, id=18984, stack(0x000000bac9300000,0x000000bac9400000)]

Other Threads:
  0x000001fd323a4260 VMThread "VM Thread" [stack: 0x000000bac8100000,0x000000bac8200000] [id=19608]
  0x000001fd1706d210 WatcherThread [stack: 0x000000bac8e00000,0x000000bac8f00000] [id=20396]
  0x000001fd170a5620 GCTaskThread "GC Thread#0" [stack: 0x000000bac7c00000,0x000000bac7d00000] [id=17776]
  0x000001fd7862b9e0 GCTaskThread "GC Thread#1" [stack: 0x000000bac8f00000,0x000000bac9000000] [id=10432]
  0x000001fd786073a0 GCTaskThread "GC Thread#2" [stack: 0x000000bac9000000,0x000000bac9100000] [id=3856]
  0x000001fd7843ea60 GCTaskThread "GC Thread#3" [stack: 0x000000bac9100000,0x000000bac9200000] [id=21920]
  0x000001fd170aed80 ConcurrentGCThread "G1 Main Marker" [stack: 0x000000bac7d00000,0x000000bac7e00000] [id=17888]
  0x000001fd170af7a0 ConcurrentGCThread "G1 Conc#0" [stack: 0x000000bac7e00000,0x000000bac7f00000] [id=17876]
  0x000001fd170eee90 ConcurrentGCThread "G1 Refine#0" [stack: 0x000000bac7f00000,0x000000bac8000000] [id=19256]
  0x000001fd781cf390 ConcurrentGCThread "G1 Refine#1" [stack: 0x000000bac9500000,0x000000bac9600000] [id=20996]
  0x000001fd170ef8c0 ConcurrentGCThread "G1 Service" [stack: 0x000000bac8000000,0x000000bac8100000] [id=15116]

Threads with active compile tasks:
C2 CompilerThread0    36830 9523       4       java.lang.Class::annotationData (44 bytes)

VM state: not at safepoint (normal execution)

VM Mutex/Monitor currently owned by a thread: None

Heap address: 0x00000000c4000000, size: 960 MB, Compressed Oops mode: 32-bit

CDS archive(s) mapped at: [0x000001fd33000000-0x000001fd33bb0000-0x000001fd33bb0000), size 12255232, SharedBaseAddress: 0x000001fd33000000, ArchiveRelocationMode: 1.
Compressed class space mapped at: 0x000001fd34000000-0x000001fd74000000, reserved size: 1073741824
Narrow klass base: 0x000001fd33000000, Narrow klass shift: 0, Narrow klass range: 0x100000000

GC Precious Log:
 CPUs: 4 total, 4 available
 Memory: 3835M
 Large Page Support: Disabled
 NUMA Support: Disabled
 Compressed Oops: Enabled (32-bit)
 Heap Region Size: 1M
 Heap Min Capacity: 8M
 Heap Initial Capacity: 60M
 Heap Max Capacity: 960M
 Pre-touch: Disabled
 Parallel Workers: 4
 Concurrent Workers: 1
 Concurrent Refinement Workers: 4
 Periodic GC: Disabled

Heap:
 garbage-first heap   total 92160K, used 71994K [0x00000000c4000000, 0x0000000100000000)
  region size 1024K, 29 young (29696K), 4 survivors (4096K)
 Metaspace       used 86782K, committed 87424K, reserved 1179648K
  class space    used 11672K, committed 11968K, reserved 1048576K

Heap Regions: E=young(eden), S=young(survivor), O=old, HS=humongous(starts), HC=humongous(continues), CS=collection set, F=free, OA=open archive, CA=closed archive, TAMS=top-at-mark-start (previous, next)
|   0|0x00000000c4000000, 0x00000000c4100000, 0x00000000c4100000|100%|HS|  |TAMS 0x00000000c4100000, 0x00000000c4000000| Complete 
|   1|0x00000000c4100000, 0x00000000c4200000, 0x00000000c4200000|100%|HS|  |TAMS 0x00000000c4200000, 0x00000000c4100000| Complete 
|   2|0x00000000c4200000, 0x00000000c4300000, 0x00000000c4300000|100%| O|  |TAMS 0x00000000c4300000, 0x00000000c4200000| Untracked 
|   3|0x00000000c4300000, 0x00000000c4400000, 0x00000000c4400000|100%| O|  |TAMS 0x00000000c4400000, 0x00000000c4300000| Untracked 
|   4|0x00000000c4400000, 0x00000000c4500000, 0x00000000c4500000|100%| O|  |TAMS 0x00000000c4500000, 0x00000000c4400000| Untracked 
|   5|0x00000000c4500000, 0x00000000c4600000, 0x00000000c4600000|100%| O|  |TAMS 0x00000000c4600000, 0x00000000c4500000| Untracked 
|   6|0x00000000c4600000, 0x00000000c4700000, 0x00000000c4700000|100%| O|  |TAMS 0x00000000c4700000, 0x00000000c4600000| Untracked 
|   7|0x00000000c4700000, 0x00000000c4800000, 0x00000000c4800000|100%| O|  |TAMS 0x00000000c4800000, 0x00000000c4700000| Untracked 
|   8|0x00000000c4800000, 0x00000000c4900000, 0x00000000c4900000|100%| O|  |TAMS 0x00000000c4900000, 0x00000000c4800000| Untracked 
|   9|0x00000000c4900000, 0x00000000c4a00000, 0x00000000c4a00000|100%| O|  |TAMS 0x00000000c4a00000, 0x00000000c4900000| Untracked 
|  10|0x00000000c4a00000, 0x00000000c4b00000, 0x00000000c4b00000|100%| O|  |TAMS 0x00000000c4b00000, 0x00000000c4a00000| Untracked 
|  11|0x00000000c4b00000, 0x00000000c4c00000, 0x00000000c4c00000|100%| O|  |TAMS 0x00000000c4c00000, 0x00000000c4b00000| Untracked 
|  12|0x00000000c4c00000, 0x00000000c4d00000, 0x00000000c4d00000|100%| O|  |TAMS 0x00000000c4d00000, 0x00000000c4c00000| Untracked 
|  13|0x00000000c4d00000, 0x00000000c4e00000, 0x00000000c4e00000|100%| O|  |TAMS 0x00000000c4e00000, 0x00000000c4d00000| Untracked 
|  14|0x00000000c4e00000, 0x00000000c4f00000, 0x00000000c4f00000|100%| O|  |TAMS 0x00000000c4f00000, 0x00000000c4e00000| Complete 
|  15|0x00000000c4f00000, 0x00000000c5000000, 0x00000000c5000000|100%| O|  |TAMS 0x00000000c5000000, 0x00000000c4f00000| Untracked 
|  16|0x00000000c5000000, 0x00000000c5100000, 0x00000000c5100000|100%| O|  |TAMS 0x00000000c5100000, 0x00000000c5000000| Untracked 
|  17|0x00000000c5100000, 0x00000000c5200000, 0x00000000c5200000|100%| O|  |TAMS 0x00000000c5200000, 0x00000000c5100000| Complete 
|  18|0x00000000c5200000, 0x00000000c5300000, 0x00000000c5300000|100%| O|  |TAMS 0x00000000c5300000, 0x00000000c5200000| Complete 
|  19|0x00000000c5300000, 0x00000000c5400000, 0x00000000c5400000|100%| O|  |TAMS 0x00000000c5400000, 0x00000000c5300000| Untracked 
|  20|0x00000000c5400000, 0x00000000c5500000, 0x00000000c5500000|100%| O|  |TAMS 0x00000000c5500000, 0x00000000c5400000| Untracked 
|  21|0x00000000c5500000, 0x00000000c5600000, 0x00000000c5600000|100%| O|  |TAMS 0x00000000c5600000, 0x00000000c5500000| Untracked 
|  22|0x00000000c5600000, 0x00000000c5700000, 0x00000000c5700000|100%| O|  |TAMS 0x00000000c5700000, 0x00000000c5600000| Untracked 
|  23|0x00000000c5700000, 0x00000000c5800000, 0x00000000c5800000|100%| O|  |TAMS 0x00000000c5800000, 0x00000000c5700000| Untracked 
|  24|0x00000000c5800000, 0x00000000c5900000, 0x00000000c5900000|100%| O|  |TAMS 0x00000000c5900000, 0x00000000c5800000| Untracked 
|  25|0x00000000c5900000, 0x00000000c5a00000, 0x00000000c5a00000|100%| O|  |TAMS 0x00000000c5a00000, 0x00000000c5900000| Untracked 
|  26|0x00000000c5a00000, 0x00000000c5b00000, 0x00000000c5b00000|100%| O|  |TAMS 0x00000000c5b00000, 0x00000000c5a00000| Untracked 
|  27|0x00000000c5b00000, 0x00000000c5c00000, 0x00000000c5c00000|100%| O|  |TAMS 0x00000000c5c00000, 0x00000000c5b00000| Untracked 
|  28|0x00000000c5c00000, 0x00000000c5d00000, 0x00000000c5d00000|100%| O|  |TAMS 0x00000000c5d00000, 0x00000000c5c00000| Untracked 
|  29|0x00000000c5d00000, 0x00000000c5e00000, 0x00000000c5e00000|100%| O|  |TAMS 0x00000000c5e00000, 0x00000000c5d00000| Untracked 
|  30|0x00000000c5e00000, 0x00000000c5f00000, 0x00000000c5f00000|100%| O|  |TAMS 0x00000000c5f00000, 0x00000000c5e00000| Untracked 
|  31|0x00000000c5f00000, 0x00000000c6000000, 0x00000000c6000000|100%| O|  |TAMS 0x00000000c6000000, 0x00000000c5f00000| Untracked 
|  32|0x00000000c6000000, 0x00000000c6100000, 0x00000000c6100000|100%| O|  |TAMS 0x00000000c6100000, 0x00000000c6000000| Untracked 
|  33|0x00000000c6100000, 0x00000000c6200000, 0x00000000c6200000|100%| O|  |TAMS 0x00000000c6200000, 0x00000000c6100000| Untracked 
|  34|0x00000000c6200000, 0x00000000c6300000, 0x00000000c6300000|100%| O|  |TAMS 0x00000000c6300000, 0x00000000c6200000| Complete 
|  35|0x00000000c6300000, 0x00000000c6400000, 0x00000000c6400000|100%| O|  |TAMS 0x00000000c6400000, 0x00000000c6300000| Untracked 
|  36|0x00000000c6400000, 0x00000000c6500000, 0x00000000c6500000|100%| O|  |TAMS 0x00000000c6500000, 0x00000000c6400000| Untracked 
|  37|0x00000000c6500000, 0x00000000c6600000, 0x00000000c6600000|100%| O|  |TAMS 0x00000000c6600000, 0x00000000c6500000| Untracked 
|  38|0x00000000c6600000, 0x00000000c6700000, 0x00000000c6700000|100%| O|  |TAMS 0x00000000c6700000, 0x00000000c6600000| Untracked 
|  39|0x00000000c6700000, 0x00000000c6800000, 0x00000000c6800000|100%| O|  |TAMS 0x00000000c6800000, 0x00000000c6700000| Untracked 
|  40|0x00000000c6800000, 0x00000000c6900000, 0x00000000c6900000|100%| O|  |TAMS 0x00000000c6891200, 0x00000000c6800000| Complete 
|  41|0x00000000c6900000, 0x00000000c6a00000, 0x00000000c6a00000|100%| O|  |TAMS 0x00000000c6900000, 0x00000000c6900000| Untracked 
|  42|0x00000000c6a00000, 0x00000000c6a4ea00, 0x00000000c6b00000| 30%| O|  |TAMS 0x00000000c6a00000, 0x00000000c6a00000| Untracked 
|  43|0x00000000c6b00000, 0x00000000c6b00000, 0x00000000c6c00000|  0%| F|  |TAMS 0x00000000c6b00000, 0x00000000c6b00000| Untracked 
|  44|0x00000000c6c00000, 0x00000000c6c00000, 0x00000000c6d00000|  0%| F|  |TAMS 0x00000000c6c00000, 0x00000000c6c00000| Untracked 
|  45|0x00000000c6d00000, 0x00000000c6d00000, 0x00000000c6e00000|  0%| F|  |TAMS 0x00000000c6d00000, 0x00000000c6d00000| Untracked 
|  46|0x00000000c6e00000, 0x00000000c6e00000, 0x00000000c6f00000|  0%| F|  |TAMS 0x00000000c6e00000, 0x00000000c6e00000| Untracked 
|  47|0x00000000c6f00000, 0x00000000c6f00000, 0x00000000c7000000|  0%| F|  |TAMS 0x00000000c6f00000, 0x00000000c6f00000| Untracked 
|  48|0x00000000c7000000, 0x00000000c7000000, 0x00000000c7100000|  0%| F|  |TAMS 0x00000000c7000000, 0x00000000c7000000| Untracked 
|  49|0x00000000c7100000, 0x00000000c7100000, 0x00000000c7200000|  0%| F|  |TAMS 0x00000000c7100000, 0x00000000c7100000| Untracked 
|  50|0x00000000c7200000, 0x00000000c7200000, 0x00000000c7300000|  0%| F|  |TAMS 0x00000000c7200000, 0x00000000c7200000| Untracked 
|  51|0x00000000c7300000, 0x00000000c7300000, 0x00000000c7400000|  0%| F|  |TAMS 0x00000000c7300000, 0x00000000c7300000| Untracked 
|  52|0x00000000c7400000, 0x00000000c7400000, 0x00000000c7500000|  0%| F|  |TAMS 0x00000000c7400000, 0x00000000c7400000| Untracked 
|  53|0x00000000c7500000, 0x00000000c7500000, 0x00000000c7600000|  0%| F|  |TAMS 0x00000000c7500000, 0x00000000c7500000| Untracked 
|  54|0x00000000c7600000, 0x00000000c7600000, 0x00000000c7700000|  0%| F|  |TAMS 0x00000000c7600000, 0x00000000c7600000| Untracked 
|  55|0x00000000c7700000, 0x00000000c7800000, 0x00000000c7800000|100%| S|CS|TAMS 0x00000000c7700000, 0x00000000c7700000| Complete 
|  56|0x00000000c7800000, 0x00000000c7900000, 0x00000000c7900000|100%| S|CS|TAMS 0x00000000c7800000, 0x00000000c7800000| Complete 
|  57|0x00000000c7900000, 0x00000000c7a00000, 0x00000000c7a00000|100%| S|CS|TAMS 0x00000000c7900000, 0x00000000c7900000| Complete 
|  58|0x00000000c7a00000, 0x00000000c7a00000, 0x00000000c7b00000|  0%| F|  |TAMS 0x00000000c7a00000, 0x00000000c7a00000| Untracked 
|  59|0x00000000c7b00000, 0x00000000c7b00000, 0x00000000c7c00000|  0%| F|  |TAMS 0x00000000c7b00000, 0x00000000c7b00000| Untracked 
|  60|0x00000000c7c00000, 0x00000000c7d00000, 0x00000000c7d00000|100%| S|CS|TAMS 0x00000000c7c00000, 0x00000000c7c00000| Complete 
|  61|0x00000000c7d00000, 0x00000000c7d00000, 0x00000000c7e00000|  0%| F|  |TAMS 0x00000000c7d00000, 0x00000000c7d00000| Untracked 
|  62|0x00000000c7e00000, 0x00000000c7e00000, 0x00000000c7f00000|  0%| F|  |TAMS 0x00000000c7e00000, 0x00000000c7e00000| Untracked 
|  63|0x00000000c7f00000, 0x00000000c7f00000, 0x00000000c8000000|  0%| F|  |TAMS 0x00000000c7f00000, 0x00000000c7f00000| Untracked 
|  64|0x00000000c8000000, 0x00000000c8000000, 0x00000000c8100000|  0%| F|  |TAMS 0x00000000c8000000, 0x00000000c8000000| Untracked 
|  65|0x00000000c8100000, 0x00000000c81b5168, 0x00000000c8200000| 70%| E|  |TAMS 0x00000000c8100000, 0x00000000c8100000| Complete 
|  66|0x00000000c8200000, 0x00000000c8300000, 0x00000000c8300000|100%| E|CS|TAMS 0x00000000c8200000, 0x00000000c8200000| Complete 
|  67|0x00000000c8300000, 0x00000000c8400000, 0x00000000c8400000|100%| E|CS|TAMS 0x00000000c8300000, 0x00000000c8300000| Complete 
|  68|0x00000000c8400000, 0x00000000c8500000, 0x00000000c8500000|100%| E|CS|TAMS 0x00000000c8400000, 0x00000000c8400000| Complete 
|  69|0x00000000c8500000, 0x00000000c8600000, 0x00000000c8600000|100%| E|CS|TAMS 0x00000000c8500000, 0x00000000c8500000| Complete 
|  70|0x00000000c8600000, 0x00000000c8700000, 0x00000000c8700000|100%| E|CS|TAMS 0x00000000c8600000, 0x00000000c8600000| Complete 
|  71|0x00000000c8700000, 0x00000000c8800000, 0x00000000c8800000|100%| E|CS|TAMS 0x00000000c8700000, 0x00000000c8700000| Complete 
|  72|0x00000000c8800000, 0x00000000c8900000, 0x00000000c8900000|100%| E|CS|TAMS 0x00000000c8800000, 0x00000000c8800000| Complete 
|  73|0x00000000c8900000, 0x00000000c8a00000, 0x00000000c8a00000|100%| E|CS|TAMS 0x00000000c8900000, 0x00000000c8900000| Complete 
|  74|0x00000000c8a00000, 0x00000000c8b00000, 0x00000000c8b00000|100%| E|CS|TAMS 0x00000000c8a00000, 0x00000000c8a00000| Complete 
|  75|0x00000000c8b00000, 0x00000000c8c00000, 0x00000000c8c00000|100%| E|CS|TAMS 0x00000000c8b00000, 0x00000000c8b00000| Complete 
|  76|0x00000000c8c00000, 0x00000000c8d00000, 0x00000000c8d00000|100%| E|CS|TAMS 0x00000000c8c00000, 0x00000000c8c00000| Complete 
|  77|0x00000000c8d00000, 0x00000000c8e00000, 0x00000000c8e00000|100%| E|CS|TAMS 0x00000000c8d00000, 0x00000000c8d00000| Complete 
|  78|0x00000000c8e00000, 0x00000000c8f00000, 0x00000000c8f00000|100%| E|CS|TAMS 0x00000000c8e00000, 0x00000000c8e00000| Complete 
|  79|0x00000000c8f00000, 0x00000000c9000000, 0x00000000c9000000|100%| E|CS|TAMS 0x00000000c8f00000, 0x00000000c8f00000| Complete 
|  80|0x00000000c9000000, 0x00000000c9100000, 0x00000000c9100000|100%| E|CS|TAMS 0x00000000c9000000, 0x00000000c9000000| Complete 
|  81|0x00000000c9100000, 0x00000000c9200000, 0x00000000c9200000|100%| E|CS|TAMS 0x00000000c9100000, 0x00000000c9100000| Complete 
|  82|0x00000000c9200000, 0x00000000c9300000, 0x00000000c9300000|100%| E|CS|TAMS 0x00000000c9200000, 0x00000000c9200000| Complete 
|  83|0x00000000c9300000, 0x00000000c9400000, 0x00000000c9400000|100%| E|CS|TAMS 0x00000000c9300000, 0x00000000c9300000| Complete 
|  84|0x00000000c9400000, 0x00000000c9500000, 0x00000000c9500000|100%| E|CS|TAMS 0x00000000c9400000, 0x00000000c9400000| Complete 
|  85|0x00000000c9500000, 0x00000000c9600000, 0x00000000c9600000|100%| E|CS|TAMS 0x00000000c9500000, 0x00000000c9500000| Complete 
|  86|0x00000000c9600000, 0x00000000c9700000, 0x00000000c9700000|100%| E|CS|TAMS 0x00000000c9600000, 0x00000000c9600000| Complete 
|  87|0x00000000c9700000, 0x00000000c9800000, 0x00000000c9800000|100%| E|CS|TAMS 0x00000000c9700000, 0x00000000c9700000| Complete 
|  88|0x00000000c9800000, 0x00000000c9900000, 0x00000000c9900000|100%| E|CS|TAMS 0x00000000c9800000, 0x00000000c9800000| Complete 
|  89|0x00000000c9900000, 0x00000000c9a00000, 0x00000000c9a00000|100%| E|CS|TAMS 0x00000000c9900000, 0x00000000c9900000| Complete 

Card table byte_map: [0x000001fd2dd80000,0x000001fd2df60000] _byte_map_base: 0x000001fd2d760000

Marking Bits (Prev, Next): (CMBitMap*) 0x000001fd170a6c90, (CMBitMap*) 0x000001fd170a6c50
 Prev Bits: [0x000001fd2f040000, 0x000001fd2ff40000)
 Next Bits: [0x000001fd2e140000, 0x000001fd2f040000)

Polling page: 0x000001fd16810000

Metaspace:

Usage:
  Non-class:     73.37 MB used.
      Class:     11.41 MB used.
       Both:     84.78 MB used.

Virtual space:
  Non-class space:      128.00 MB reserved,      73.69 MB ( 58%) committed,  2 nodes.
      Class space:        1.00 GB reserved,      11.69 MB (  1%) committed,  1 nodes.
             Both:        1.12 GB reserved,      85.38 MB (  7%) committed. 

Chunk freelists:
   Non-Class:  5.88 MB
       Class:  4.14 MB
        Both:  10.02 MB

MaxMetaspaceSize: unlimited
CompressedClassSpaceSize: 1.00 GB
Initial GC threshold: 21.00 MB
Current GC threshold: 138.38 MB
CDS: on
MetaspaceReclaimPolicy: balanced
 - commit_granule_bytes: 65536.
 - commit_granule_words: 8192.
 - virtual_space_node_default_size: 8388608.
 - enlarge_chunks_in_place: 1.
 - new_chunks_are_fully_committed: 0.
 - uncommit_free_chunks: 1.
 - use_allocation_guard: 0.
 - handle_deallocations: 1.


Internal statistics:

num_allocs_failed_limit: 15.
num_arena_births: 1018.
num_arena_deaths: 0.
num_vsnodes_births: 3.
num_vsnodes_deaths: 0.
num_space_committed: 1366.
num_space_uncommitted: 0.
num_chunks_returned_to_freelist: 15.
num_chunks_taken_from_freelist: 4218.
num_chunk_merges: 15.
num_chunk_splits: 3017.
num_chunks_enlarged: 2326.
num_inconsistent_stats: 0.

CodeHeap 'non-profiled nmethods': size=120000Kb used=3862Kb max_used=4513Kb free=116137Kb
 bounds [0x000001fd26670000, 0x000001fd26ae0000, 0x000001fd2dba0000]
CodeHeap 'profiled nmethods': size=120000Kb used=14629Kb max_used=16213Kb free=105370Kb
 bounds [0x000001fd1eba0000, 0x000001fd1fb80000, 0x000001fd260d0000]
CodeHeap 'non-nmethods': size=5760Kb used=1420Kb max_used=1467Kb free=4339Kb
 bounds [0x000001fd260d0000, 0x000001fd26340000, 0x000001fd26670000]
 total_blobs=8976 nmethods=8226 adapters=661
 compilation: enabled
              stopped_count=0, restarted_count=0
 full_count=0

Compilation events (20 events):
Event: 36.530 Thread 0x000001fd32414300 9856       2       org.springframework.core.type.filter.AnnotationTypeFilter::matchSuperClass (6 bytes)
Event: 36.530 Thread 0x000001fd32414300 nmethod 9856 0x000001fd1fa14c90 code [0x000001fd1fa14e20, 0x000001fd1fa14f48]
Event: 36.545 Thread 0x000001fd32414300 9857       2       org.springframework.asm.Type::getDimensions (28 bytes)
Event: 36.546 Thread 0x000001fd32414300 nmethod 9857 0x000001fd1f69ac10 code [0x000001fd1f69adc0, 0x000001fd1f69b0f8]
Event: 36.572 Thread 0x000001fd32414300 9858   !   2       sun.nio.ch.FileChannelImpl::position (273 bytes)
Event: 36.573 Thread 0x000001fd32414300 nmethod 9858 0x000001fd1f6af890 code [0x000001fd1f6afae0, 0x000001fd1f6b02a8]
Event: 36.655 Thread 0x000001fd32414300 9859       2       sun.nio.fs.WindowsSecurityDescriptor::release (75 bytes)
Event: 36.662 Thread 0x000001fd32414300 nmethod 9859 0x000001fd1f6a9390 code [0x000001fd1f6a9580, 0x000001fd1f6a9838]
Event: 36.663 Thread 0x000001fd32414300 9864       2       sun.nio.ch.FileDispatcherImpl::seek (6 bytes)
Event: 36.663 Thread 0x000001fd32414300 nmethod 9864 0x000001fd1fb15490 code [0x000001fd1fb15620, 0x000001fd1fb15748]
Event: 36.663 Thread 0x000001fd32414300 9860       2       sun.nio.fs.WindowsChannelFactory::newFileChannel (130 bytes)
Event: 36.663 Thread 0x000001fd32414300 nmethod 9860 0x000001fd1f6b3510 code [0x000001fd1f6b3700, 0x000001fd1f6b3a68]
Event: 36.663 Thread 0x000001fd32414300 9861       2       sun.nio.fs.WindowsChannelFactory$Flags::toFlags (320 bytes)
Event: 36.664 Thread 0x000001fd32414300 nmethod 9861 0x000001fd1f547b90 code [0x000001fd1f547e80, 0x000001fd1f548f38]
Event: 36.664 Thread 0x000001fd32414300 9862       2       sun.nio.fs.WindowsChannelFactory$Flags::<init> (20 bytes)
Event: 36.664 Thread 0x000001fd32414300 nmethod 9862 0x000001fd1f4c7a90 code [0x000001fd1f4c7c20, 0x000001fd1f4c7d38]
Event: 36.664 Thread 0x000001fd32414300 9863   !   2       sun.nio.fs.WindowsChannelFactory::open (457 bytes)
Event: 36.665 Thread 0x000001fd32414300 nmethod 9863 0x000001fd1efa0890 code [0x000001fd1efa0ae0, 0x000001fd1efa1348]
Event: 36.679 Thread 0x000001fd32414300 9865       2       org.springframework.core.type.classreading.CachingMetadataReaderFactory$LocalResourceCache::removeEldestEntry (17 bytes)
Event: 36.679 Thread 0x000001fd32414300 nmethod 9865 0x000001fd1f611110 code [0x000001fd1f6112a0, 0x000001fd1f6113b8]

GC Heap History (20 events):
Event: 18.557 GC heap before
{Heap before GC invocations=24 (full 0):
 garbage-first heap   total 61440K, used 49827K [0x00000000c4000000, 0x0000000100000000)
  region size 1024K, 19 young (19456K), 2 survivors (2048K)
 Metaspace       used 69496K, committed 70080K, reserved 1114112K
  class space    used 9387K, committed 9664K, reserved 1048576K
}
Event: 18.562 GC heap after
{Heap after GC invocations=25 (full 0):
 garbage-first heap   total 61440K, used 34476K [0x00000000c4000000, 0x0000000100000000)
  region size 1024K, 3 young (3072K), 3 survivors (3072K)
 Metaspace       used 69496K, committed 70080K, reserved 1114112K
  class space    used 9387K, committed 9664K, reserved 1048576K
}
Event: 18.895 GC heap before
{Heap before GC invocations=26 (full 0):
 garbage-first heap   total 65536K, used 48812K [0x00000000c4000000, 0x0000000100000000)
  region size 1024K, 18 young (18432K), 3 survivors (3072K)
 Metaspace       used 71147K, committed 71808K, reserved 1114112K
  class space    used 9543K, committed 9856K, reserved 1048576K
}
Event: 18.900 GC heap after
{Heap after GC invocations=27 (full 0):
 garbage-first heap   total 65536K, used 35856K [0x00000000c4000000, 0x0000000100000000)
  region size 1024K, 3 young (3072K), 3 survivors (3072K)
 Metaspace       used 71147K, committed 71808K, reserved 1114112K
  class space    used 9543K, committed 9856K, reserved 1048576K
}
Event: 19.326 GC heap before
{Heap before GC invocations=27 (full 0):
 garbage-first heap   total 65536K, used 52240K [0x00000000c4000000, 0x0000000100000000)
  region size 1024K, 20 young (20480K), 3 survivors (3072K)
 Metaspace       used 73420K, committed 73984K, reserved 1114112K
  class space    used 9899K, committed 10176K, reserved 1048576K
}
Event: 19.331 GC heap after
{Heap after GC invocations=28 (full 0):
 garbage-first heap   total 65536K, used 37193K [0x00000000c4000000, 0x0000000100000000)
  region size 1024K, 3 young (3072K), 3 survivors (3072K)
 Metaspace       used 73420K, committed 73984K, reserved 1114112K
  class space    used 9899K, committed 10176K, reserved 1048576K
}
Event: 19.754 GC heap before
{Heap before GC invocations=29 (full 0):
 garbage-first heap   total 68608K, used 53577K [0x00000000c4000000, 0x0000000100000000)
  region size 1024K, 19 young (19456K), 3 survivors (3072K)
 Metaspace       used 74086K, committed 74752K, reserved 1114112K
  class space    used 9990K, committed 10304K, reserved 1048576K
}
Event: 19.759 GC heap after
{Heap after GC invocations=30 (full 0):
 garbage-first heap   total 68608K, used 38259K [0x00000000c4000000, 0x0000000100000000)
  region size 1024K, 3 young (3072K), 3 survivors (3072K)
 Metaspace       used 74086K, committed 74752K, reserved 1114112K
  class space    used 9990K, committed 10304K, reserved 1048576K
}
Event: 20.030 GC heap before
{Heap before GC invocations=30 (full 0):
 garbage-first heap   total 68608K, used 56691K [0x00000000c4000000, 0x0000000100000000)
  region size 1024K, 21 young (21504K), 3 survivors (3072K)
 Metaspace       used 74588K, committed 75264K, reserved 1114112K
  class space    used 10040K, committed 10368K, reserved 1048576K
}
Event: 20.035 GC heap after
{Heap after GC invocations=31 (full 0):
 garbage-first heap   total 68608K, used 39386K [0x00000000c4000000, 0x0000000100000000)
  region size 1024K, 3 young (3072K), 3 survivors (3072K)
 Metaspace       used 74588K, committed 75264K, reserved 1114112K
  class space    used 10040K, committed 10368K, reserved 1048576K
}
Event: 20.302 GC heap before
{Heap before GC invocations=32 (full 0):
 garbage-first heap   total 76800K, used 55770K [0x00000000c4000000, 0x0000000100000000)
  region size 1024K, 19 young (19456K), 3 survivors (3072K)
 Metaspace       used 75206K, committed 75840K, reserved 1114112K
  class space    used 10108K, committed 10432K, reserved 1048576K
}
Event: 20.308 GC heap after
{Heap after GC invocations=33 (full 0):
 garbage-first heap   total 76800K, used 40613K [0x00000000c4000000, 0x0000000100000000)
  region size 1024K, 3 young (3072K), 3 survivors (3072K)
 Metaspace       used 75206K, committed 75840K, reserved 1114112K
  class space    used 10108K, committed 10432K, reserved 1048576K
}
Event: 20.721 GC heap before
{Heap before GC invocations=33 (full 0):
 garbage-first heap   total 76800K, used 62117K [0x00000000c4000000, 0x0000000100000000)
  region size 1024K, 24 young (24576K), 3 survivors (3072K)
 Metaspace       used 77024K, committed 77632K, reserved 1179648K
  class space    used 10352K, committed 10624K, reserved 1048576K
}
Event: 20.727 GC heap after
{Heap after GC invocations=34 (full 0):
 garbage-first heap   total 92160K, used 42057K [0x00000000c4000000, 0x0000000100000000)
  region size 1024K, 3 young (3072K), 3 survivors (3072K)
 Metaspace       used 77024K, committed 77632K, reserved 1179648K
  class space    used 10352K, committed 10624K, reserved 1048576K
}
Event: 21.434 GC heap before
{Heap before GC invocations=35 (full 0):
 garbage-first heap   total 92160K, used 74825K [0x00000000c4000000, 0x0000000100000000)
  region size 1024K, 35 young (35840K), 3 survivors (3072K)
 Metaspace       used 78706K, committed 79360K, reserved 1179648K
  class space    used 10605K, committed 10880K, reserved 1048576K
}
Event: 21.441 GC heap after
{Heap after GC invocations=36 (full 0):
 garbage-first heap   total 92160K, used 43884K [0x00000000c4000000, 0x0000000100000000)
  region size 1024K, 5 young (5120K), 5 survivors (5120K)
 Metaspace       used 78706K, committed 79360K, reserved 1179648K
  class space    used 10605K, committed 10880K, reserved 1048576K
}
Event: 22.046 GC heap before
{Heap before GC invocations=36 (full 0):
 garbage-first heap   total 92160K, used 74604K [0x00000000c4000000, 0x0000000100000000)
  region size 1024K, 35 young (35840K), 5 survivors (5120K)
 Metaspace       used 80446K, committed 81088K, reserved 1179648K
  class space    used 10827K, committed 11136K, reserved 1048576K
}
Event: 22.054 GC heap after
{Heap after GC invocations=37 (full 0):
 garbage-first heap   total 92160K, used 46201K [0x00000000c4000000, 0x0000000100000000)
  region size 1024K, 5 young (5120K), 5 survivors (5120K)
 Metaspace       used 80446K, committed 81088K, reserved 1179648K
  class space    used 10827K, committed 11136K, reserved 1048576K
}
Event: 33.824 GC heap before
{Heap before GC invocations=37 (full 0):
 garbage-first heap   total 92160K, used 75897K [0x00000000c4000000, 0x0000000100000000)
  region size 1024K, 34 young (34816K), 5 survivors (5120K)
 Metaspace       used 84070K, committed 84672K, reserved 1179648K
  class space    used 11315K, committed 11584K, reserved 1048576K
}
Event: 33.833 GC heap after
{Heap after GC invocations=38 (full 0):
 garbage-first heap   total 92160K, used 47418K [0x00000000c4000000, 0x0000000100000000)
  region size 1024K, 4 young (4096K), 4 survivors (4096K)
 Metaspace       used 84070K, committed 84672K, reserved 1179648K
  class space    used 11315K, committed 11584K, reserved 1048576K
}

Dll operation events (13 events):
Event: 0.024 Loaded shared library C:\Program Files\Microsoft\jdk-17.0.15.6-hotspot\bin\java.dll
Event: 0.055 Loaded shared library C:\Program Files\Microsoft\jdk-17.0.15.6-hotspot\bin\jsvml.dll
Event: 0.372 Loaded shared library C:\Program Files\Microsoft\jdk-17.0.15.6-hotspot\bin\zip.dll
Event: 0.378 Loaded shared library C:\Program Files\Microsoft\jdk-17.0.15.6-hotspot\bin\instrument.dll
Event: 0.390 Loaded shared library C:\Program Files\Microsoft\jdk-17.0.15.6-hotspot\bin\net.dll
Event: 0.398 Loaded shared library C:\Program Files\Microsoft\jdk-17.0.15.6-hotspot\bin\nio.dll
Event: 0.418 Loaded shared library C:\Program Files\Microsoft\jdk-17.0.15.6-hotspot\bin\zip.dll
Event: 0.956 Loaded shared library C:\Program Files\Microsoft\jdk-17.0.15.6-hotspot\bin\extnet.dll
Event: 1.049 Loaded shared library C:\Program Files\Microsoft\jdk-17.0.15.6-hotspot\bin\jimage.dll
Event: 2.115 Loaded shared library C:\Program Files\Microsoft\jdk-17.0.15.6-hotspot\bin\management.dll
Event: 2.126 Loaded shared library C:\Program Files\Microsoft\jdk-17.0.15.6-hotspot\bin\management_ext.dll
Event: 5.080 Loaded shared library C:\Program Files\Microsoft\jdk-17.0.15.6-hotspot\bin\sunmscapi.dll
Event: 14.093 Loaded shared library C:\Program Files\Microsoft\jdk-17.0.15.6-hotspot\bin\verify.dll

Deoptimization events (20 events):
Event: 36.161 Thread 0x000001fd7bec3be0 DEOPT PACKING pc=0x000001fd267e86d0 sp=0x000000baca5f92e0
Event: 36.161 Thread 0x000001fd7bec3be0 DEOPT UNPACKING pc=0x000001fd2612a1a3 sp=0x000000baca5f9200 mode 2
Event: 36.161 Thread 0x000001fd7bec3be0 Uncommon trap: trap_request=0xffffff45 fr.pc=0x000001fd26790684 relative=0x00000000000001e4
Event: 36.161 Thread 0x000001fd7bec3be0 Uncommon trap: reason=unstable_if action=reinterpret pc=0x000001fd26790684 method=java.util.HashMap.getNode(Ljava/lang/Object;)Ljava/util/HashMap$Node; @ 66 c2
Event: 36.161 Thread 0x000001fd7bec3be0 DEOPT PACKING pc=0x000001fd26790684 sp=0x000000baca5f9270
Event: 36.161 Thread 0x000001fd7bec3be0 DEOPT UNPACKING pc=0x000001fd2612a1a3 sp=0x000000baca5f9200 mode 2
Event: 36.455 Thread 0x000001fd7bec3be0 Uncommon trap: trap_request=0xffffff45 fr.pc=0x000001fd26833b04 relative=0x0000000000000104
Event: 36.455 Thread 0x000001fd7bec3be0 Uncommon trap: reason=unstable_if action=reinterpret pc=0x000001fd26833b04 method=java.util.stream.AbstractPipeline.sourceSpliterator(I)Ljava/util/Spliterator; @ 82 c2
Event: 36.455 Thread 0x000001fd7bec3be0 DEOPT PACKING pc=0x000001fd26833b04 sp=0x000000baca5f9fd0
Event: 36.455 Thread 0x000001fd7bec3be0 DEOPT UNPACKING pc=0x000001fd2612a1a3 sp=0x000000baca5f9f50 mode 2
Event: 36.493 Thread 0x000001fd7bec3be0 Uncommon trap: trap_request=0xffffff45 fr.pc=0x000001fd268a0fe0 relative=0x00000000000017a0
Event: 36.493 Thread 0x000001fd7bec3be0 Uncommon trap: reason=unstable_if action=reinterpret pc=0x000001fd268a0fe0 method=org.springframework.util.ConcurrentReferenceHashMap$1.execute(Lorg/springframework/util/ConcurrentReferenceHashMap$Reference;Lorg/springframework/util/ConcurrentReferenceHas
Event: 36.493 Thread 0x000001fd7bec3be0 DEOPT PACKING pc=0x000001fd268a0fe0 sp=0x000000baca5f93b0
Event: 36.493 Thread 0x000001fd7bec3be0 DEOPT UNPACKING pc=0x000001fd2612a1a3 sp=0x000000baca5f92f0 mode 2
Event: 36.493 Thread 0x000001fd7bec3be0 Uncommon trap: trap_request=0xffffff45 fr.pc=0x000001fd267cd78c relative=0x00000000000000ec
Event: 36.493 Thread 0x000001fd7bec3be0 Uncommon trap: reason=unstable_if action=reinterpret pc=0x000001fd267cd78c method=java.util.concurrent.ConcurrentMap.computeIfAbsent(Ljava/lang/Object;Ljava/util/function/Function;)Ljava/lang/Object; @ 41 c2
Event: 36.493 Thread 0x000001fd7bec3be0 DEOPT PACKING pc=0x000001fd267cd78c sp=0x000000baca5f95c0
Event: 36.493 Thread 0x000001fd7bec3be0 DEOPT UNPACKING pc=0x000001fd2612a1a3 sp=0x000000baca5f9548 mode 2
Event: 36.508 Thread 0x000001fd7bec3be0 DEOPT PACKING pc=0x000001fd1ef966e1 sp=0x000000baca5f9670
Event: 36.508 Thread 0x000001fd7bec3be0 DEOPT UNPACKING pc=0x000001fd2612ace3 sp=0x000000baca5f8b20 mode 0

Classes loaded (20 events):
Event: 33.807 Loading class java/util/concurrent/ArrayBlockingQueue$Itr
Event: 33.807 Loading class java/util/concurrent/ArrayBlockingQueue$Itr done
Event: 33.839 Loading class java/util/ArrayList$SubList$2
Event: 33.841 Loading class java/util/ArrayList$SubList$2 done
Event: 33.885 Loading class java/util/ArrayDeque$DescendingIterator
Event: 33.886 Loading class java/util/ArrayDeque$DescendingIterator done
Event: 33.952 Loading class java/time/format/DateTimeFormatterBuilder$ZoneTextPrinterParser
Event: 33.953 Loading class java/time/format/DateTimeFormatterBuilder$ZoneTextPrinterParser done
Event: 33.954 Loading class java/time/format/DateTimeFormatterBuilder$ReducedPrinterParser
Event: 33.955 Loading class java/time/format/DateTimeFormatterBuilder$ReducedPrinterParser done
Event: 34.443 Loading class java/util/concurrent/locks/ReentrantReadWriteLock$Sync$HoldCounter
Event: 34.448 Loading class java/util/concurrent/locks/ReentrantReadWriteLock$Sync$HoldCounter done
Event: 34.450 Loading class java/util/Collections$SynchronizedSortedMap
Event: 34.456 Loading class java/util/Collections$SynchronizedSortedMap done
Event: 34.457 Loading class java/util/TreeMap$EntrySpliterator
Event: 34.460 Loading class java/util/TreeMap$EntrySpliterator done
Event: 36.127 Loading class org/w3c/dom/Node
Event: 36.128 Loading class org/w3c/dom/Node done
Event: 36.128 Loading class org/w3c/dom/Document
Event: 36.129 Loading class org/w3c/dom/Document done

Classes unloaded (0 events):
No events

Classes redefined (0 events):
No events

Internal exceptions (20 events):
Event: 21.085 Thread 0x000001fd78288090 Exception <a 'java/lang/NoSuchMethodError'{0x00000000c8b1b7b0}: 'java.lang.Object java.lang.invoke.DirectMethodHandle$Holder.newInvokeSpecial(java.lang.Object, java.lang.Object, java.lang.Object, java.lang.Object, java.lang.Object, java.lang.Object, java.lang.Object, java.lang.Object, java.lang.Object)'> (0x00000000c8b1b7b0) 
thrown [s\src\hotspot\share\interpreter\linkResolver.cpp, line 759]
Event: 21.085 Thread 0x000001fd78288090 Exception <a 'java/lang/NoSuchMethodError'{0x00000000c8b20ca0}: 'java.lang.Object java.lang.invoke.Invokers$Holder.linkToTargetMethod(java.lang.Object, java.lang.Object, java.lang.Object, java.lang.Object, java.lang.Object, java.lang.Object, java.lang.Object, java.lang.Object, java.lang.Object)'> (0x00000000c8b20ca0) 
thrown [s\src\hotspot\share\interpreter\linkResolver.cpp, line 759]
Event: 21.473 Thread 0x000001fd78288090 Exception <a 'java/lang/NoSuchMethodError'{0x00000000c98fb770}: 'java.lang.Object java.lang.invoke.DirectMethodHandle$Holder.invokeInterface(java.lang.Object, java.lang.Object, java.lang.Object, java.lang.Object)'> (0x00000000c98fb770) 
thrown [s\src\hotspot\share\interpreter\linkResolver.cpp, line 759]
Event: 21.590 Thread 0x000001fd78288090 Exception <a 'java/lang/NoSuchMethodError'{0x00000000c929cb40}: 'void java.lang.invoke.DirectMethodHandle$Holder.invokeVirtual(java.lang.Object, java.lang.Object, long)'> (0x00000000c929cb40) 
thrown [s\src\hotspot\share\interpreter\linkResolver.cpp, line 759]
Event: 21.937 Thread 0x000001fd78288090 Exception <a 'java/lang/IncompatibleClassChangeError'{0x00000000c803eab0}: Found class java.lang.Object, but interface was expected> (0x00000000c803eab0) 
thrown [s\src\hotspot\share\interpreter\linkResolver.cpp, line 826]
Event: 22.081 Thread 0x000001fd326c7670 Exception <a 'java/lang/NoSuchMethodError'{0x00000000c999ee58}: 'long java.lang.invoke.DirectMethodHandle$Holder.invokeStatic(java.lang.Object, java.lang.Object, java.lang.Object)'> (0x00000000c999ee58) 
thrown [s\src\hotspot\share\interpreter\linkResolver.cpp, line 759]
Event: 22.097 Thread 0x000001fd78288090 Exception <a 'java/lang/NoSuchMethodError'{0x00000000c97544e0}: 'double java.lang.invoke.DirectMethodHandle$Holder.invokeStatic(java.lang.Object, java.lang.Object)'> (0x00000000c97544e0) 
thrown [s\src\hotspot\share\interpreter\linkResolver.cpp, line 759]
Event: 22.132 Thread 0x000001fd78288090 Exception <a 'java/lang/NoSuchMethodError'{0x00000000c956dc18}: 'java.lang.Object java.lang.invoke.DirectMethodHandle$Holder.invokeSpecial(java.lang.Object, java.lang.Object, java.lang.Object, java.lang.Object, java.lang.Object, java.lang.Object, java.lang.Object, java.lang.Object, java.lang.Object, java.lang.Object, java.lang.Object)'> (0x00000000c956dc18) 
thrown [s\src\hotspot\share\interpreter\linkResolver.cpp, line 759]
Event: 22.132 Thread 0x000001fd78288090 Exception <a 'java/lang/NoSuchMethodError'{0x00000000c9572048}: 'java.lang.Object java.lang.invoke.Invokers$Holder.invoke_MT(java.lang.Object, java.lang.Object, java.lang.Object, java.lang.Object, java.lang.Object, java.lang.Object, java.lang.Object, java.lang.Object, java.lang.Object, java.lang.Object, java.lang.Object)'> (0x00000000c9572048) 
thrown [s\src\hotspot\share\interpreter\linkResolver.cpp, line 759]
Event: 22.203 Thread 0x000001fd78288090 Implicit null exception at 0x000001fd26a4791c to 0x000001fd26a47b54
Event: 22.403 Thread 0x000001fd78288090 Exception <a 'java/lang/IncompatibleClassChangeError'{0x00000000c8ce9c20}: Found class java.lang.Object, but interface was expected> (0x00000000c8ce9c20) 
thrown [s\src\hotspot\share\interpreter\linkResolver.cpp, line 826]
Event: 22.438 Thread 0x000001fd78288090 Exception <a 'java/lang/NoSuchMethodError'{0x00000000c894baa0}: 'void java.lang.invoke.DirectMethodHandle$Holder.invokeStatic(java.lang.Object, java.lang.Object, double)'> (0x00000000c894baa0) 
thrown [s\src\hotspot\share\interpreter\linkResolver.cpp, line 759]
Event: 22.454 Thread 0x000001fd78288090 Exception <a 'java/lang/NoSuchMethodError'{0x00000000c89a7e88}: 'double java.lang.invoke.DirectMethodHandle$Holder.invokeStatic(java.lang.Object, java.lang.Object, java.lang.Object)'> (0x00000000c89a7e88) 
thrown [s\src\hotspot\share\interpreter\linkResolver.cpp, line 759]
Event: 22.488 Thread 0x000001fd78288090 Exception <a 'java/lang/IncompatibleClassChangeError'{0x00000000c88b5000}: Found class java.lang.Object, but interface was expected> (0x00000000c88b5000) 
thrown [s\src\hotspot\share\interpreter\linkResolver.cpp, line 826]
Event: 22.499 Thread 0x000001fd78288090 Exception <a 'java/lang/NoSuchMethodError'{0x00000000c88dd800}: 'java.lang.Object java.lang.invoke.DirectMethodHandle$Holder.newInvokeSpecial(java.lang.Object, java.lang.Object, int, java.lang.Object, java.lang.Object)'> (0x00000000c88dd800) 
thrown [s\src\hotspot\share\interpreter\linkResolver.cpp, line 759]
Event: 22.573 Thread 0x000001fd78288090 Exception <a 'java/lang/IncompatibleClassChangeError'{0x00000000c832cdd0}: Found class java.lang.Object, but interface was expected> (0x00000000c832cdd0) 
thrown [s\src\hotspot\share\interpreter\linkResolver.cpp, line 826]
Event: 22.602 Thread 0x000001fd78288090 Implicit null exception at 0x000001fd26813b79 to 0x000001fd26813d38
Event: 33.734 Thread 0x000001fd79fa92b0 Exception <a 'java/lang/NoSuchMethodError'{0x00000000c7ffc010}: 'java.lang.Object java.lang.invoke.DirectMethodHandle$Holder.invokeSpecial(java.lang.Object, java.lang.Object, java.lang.Object, java.lang.Object, java.lang.Object, long)'> (0x00000000c7ffc010) 
thrown [s\src\hotspot\share\interpreter\linkResolver.cpp, line 759]
Event: 33.734 Thread 0x000001fd79fa92b0 Exception <a 'java/lang/NoSuchMethodError'{0x00000000c7fffa50}: 'java.lang.Object java.lang.invoke.Invokers$Holder.linkToTargetMethod(java.lang.Object, java.lang.Object, java.lang.Object, long, java.lang.Object)'> (0x00000000c7fffa50) 
thrown [s\src\hotspot\share\interpreter\linkResolver.cpp, line 759]
Event: 33.837 Thread 0x000001fd79fa92b0 Exception <a 'java/lang/NoSuchMethodError'{0x00000000c9909b80}: 'java.lang.Object java.lang.invoke.DirectMethodHandle$Holder.invokeStatic(java.lang.Object, int, int)'> (0x00000000c9909b80) 
thrown [s\src\hotspot\share\interpreter\linkResolver.cpp, line 759]

VM Operations (20 events):
Event: 33.957 Executing VM operation: G1PauseCleanup
Event: 33.958 Executing VM operation: G1PauseCleanup done
Event: 35.531 Executing VM operation: HandshakeAllThreads
Event: 35.531 Executing VM operation: HandshakeAllThreads done
Event: 35.531 Executing VM operation: Cleanup
Event: 35.531 Executing VM operation: Cleanup done
Event: 35.531 Executing VM operation: HandshakeAllThreads
Event: 35.531 Executing VM operation: HandshakeAllThreads done
Event: 35.547 Executing VM operation: HandshakeAllThreads
Event: 35.547 Executing VM operation: HandshakeAllThreads done
Event: 35.551 Executing VM operation: HandshakeAllThreads
Event: 35.552 Executing VM operation: HandshakeAllThreads done
Event: 35.577 Executing VM operation: HandshakeAllThreads
Event: 35.577 Executing VM operation: HandshakeAllThreads done
Event: 35.577 Executing VM operation: HandshakeAllThreads
Event: 35.577 Executing VM operation: HandshakeAllThreads done
Event: 36.163 Executing VM operation: HandshakeAllThreads
Event: 36.163 Executing VM operation: HandshakeAllThreads done
Event: 36.477 Executing VM operation: ICBufferFull
Event: 36.490 Executing VM operation: ICBufferFull done

Memory protections (0 events):
No events

Nmethod flushes (20 events):
Event: 35.590 Thread 0x000001fd32426370 flushing  nmethod 0x000001fd1fa8e690
Event: 35.590 Thread 0x000001fd32426370 flushing  nmethod 0x000001fd1faacf90
Event: 35.590 Thread 0x000001fd32426370 flushing  nmethod 0x000001fd1fadca90
Event: 35.590 Thread 0x000001fd32426370 flushing  nmethod 0x000001fd1fadcf90
Event: 35.590 Thread 0x000001fd32426370 flushing  nmethod 0x000001fd1fae0310
Event: 35.590 Thread 0x000001fd32426370 flushing  nmethod 0x000001fd1faee010
Event: 35.590 Thread 0x000001fd32426370 flushing  nmethod 0x000001fd1faee490
Event: 35.590 Thread 0x000001fd32426370 flushing  nmethod 0x000001fd1faeee10
Event: 35.590 Thread 0x000001fd32426370 flushing  nmethod 0x000001fd1faef410
Event: 35.590 Thread 0x000001fd32426370 flushing  nmethod 0x000001fd1faf0310
Event: 35.590 Thread 0x000001fd32426370 flushing  nmethod 0x000001fd1fb0a590
Event: 35.590 Thread 0x000001fd32426370 flushing  nmethod 0x000001fd1fb10010
Event: 35.590 Thread 0x000001fd32426370 flushing  nmethod 0x000001fd1fb10890
Event: 35.590 Thread 0x000001fd32426370 flushing  nmethod 0x000001fd1fb12b90
Event: 35.590 Thread 0x000001fd32426370 flushing  nmethod 0x000001fd1fb14410
Event: 35.590 Thread 0x000001fd32426370 flushing  nmethod 0x000001fd1fb14810
Event: 35.590 Thread 0x000001fd32426370 flushing  nmethod 0x000001fd1fb15490
Event: 35.590 Thread 0x000001fd32426370 flushing  nmethod 0x000001fd1fb1c810
Event: 35.590 Thread 0x000001fd32426370 flushing  nmethod 0x000001fd1fb1de90
Event: 35.590 Thread 0x000001fd32426370 flushing  nmethod 0x000001fd1fb27810

Events (20 events):
Event: 22.392 Thread 0x000001fd78288090 Thread added: 0x000001fd79fa7e70
Event: 22.515 Thread 0x000001fd78288090 Thread added: 0x000001fd79fa92b0
Event: 22.515 Thread 0x000001fd78288090 Thread added: 0x000001fd79fa8380
Event: 22.515 Thread 0x000001fd78288090 Thread added: 0x000001fd7bec0940
Event: 22.515 Thread 0x000001fd78288090 Thread added: 0x000001fd7bec2cb0
Event: 22.515 Thread 0x000001fd78288090 Thread added: 0x000001fd7bebfa10
Event: 22.516 Thread 0x000001fd78288090 Thread added: 0x000001fd7bec5020
Event: 22.516 Thread 0x000001fd78288090 Thread added: 0x000001fd7bec1d80
Event: 22.516 Thread 0x000001fd78288090 Thread added: 0x000001fd7bec7390
Event: 22.516 Thread 0x000001fd78288090 Thread added: 0x000001fd7bec3be0
Event: 22.516 Thread 0x000001fd78288090 Thread added: 0x000001fd7bec1360
Event: 22.535 Thread 0x000001fd78288090 Thread added: 0x000001fd7bebff20
Event: 22.537 Thread 0x000001fd78288090 Thread added: 0x000001fd7bec40f0
Event: 22.645 Thread 0x000001fd78288090 Thread exited: 0x000001fd78288090
Event: 22.657 Thread 0x000001fd787776f0 Thread exited: 0x000001fd787776f0
Event: 22.657 Thread 0x000001fd1706c580 Thread exited: 0x000001fd1706c580
Event: 22.657 Thread 0x000001fd7bec5a40 Thread added: 0x000001fd7bec5a40
Event: 36.477 Thread 0x000001fd7bec3be0 Thread added: 0x000001fd7bec6460
Event: 36.491 Thread 0x000001fd7bec6460 Thread added: 0x000001fd7bec5530
Event: 36.491 Thread 0x000001fd7bec6460 Thread added: 0x000001fd7bec0430


Dynamic libraries:
0x00007ff7ad2d0000 - 0x00007ff7ad2de000 	C:\Program Files\Microsoft\jdk-17.0.15.6-hotspot\bin\java.exe
0x00007ff957890000 - 0x00007ff957aa7000 	C:\WINDOWS\SYSTEM32\ntdll.dll
0x00007ff9566f0000 - 0x00007ff9567b4000 	C:\WINDOWS\System32\KERNEL32.DLL
0x00007ff954980000 - 0x00007ff954d53000 	C:\WINDOWS\System32\KERNELBASE.dll
0x00007ff955400000 - 0x00007ff955511000 	C:\WINDOWS\System32\ucrtbase.dll
0x00007ff9415f0000 - 0x00007ff941607000 	C:\Program Files\Microsoft\jdk-17.0.15.6-hotspot\bin\jli.dll
0x00007ff93d800000 - 0x00007ff93d81d000 	C:\Program Files\Microsoft\jdk-17.0.15.6-hotspot\bin\VCRUNTIME140.dll
0x00007ff9555b0000 - 0x00007ff955761000 	C:\WINDOWS\System32\USER32.dll
0x00007ff954f20000 - 0x00007ff954f46000 	C:\WINDOWS\System32\win32u.dll
0x00007ff956380000 - 0x00007ff9563a9000 	C:\WINDOWS\System32\GDI32.dll
0x00007ff954f50000 - 0x00007ff955074000 	C:\WINDOWS\System32\gdi32full.dll
0x00007ff93fb10000 - 0x00007ff93fdab000 	C:\WINDOWS\WinSxS\amd64_microsoft.windows.common-controls_6595b64144ccf1df_6.0.22621.5240_none_2710eadf7384a318\COMCTL32.dll
0x00007ff9551f0000 - 0x00007ff95528a000 	C:\WINDOWS\System32\msvcp_win.dll
0x00007ff956d80000 - 0x00007ff956e27000 	C:\WINDOWS\System32\msvcrt.dll
0x00007ff9564e0000 - 0x00007ff956511000 	C:\WINDOWS\System32\IMM32.DLL
0x00007ff9437a0000 - 0x00007ff9437ac000 	C:\Program Files\Microsoft\jdk-17.0.15.6-hotspot\bin\vcruntime140_1.dll
0x00007ff92a830000 - 0x00007ff92a8bd000 	C:\Program Files\Microsoft\jdk-17.0.15.6-hotspot\bin\msvcp140.dll
0x00007ff8ea420000 - 0x00007ff8eb092000 	C:\Program Files\Microsoft\jdk-17.0.15.6-hotspot\bin\server\jvm.dll
0x00007ff956ca0000 - 0x00007ff956d51000 	C:\WINDOWS\System32\ADVAPI32.dll
0x00007ff957120000 - 0x00007ff9571c7000 	C:\WINDOWS\System32\sechost.dll
0x00007ff955140000 - 0x00007ff955168000 	C:\WINDOWS\System32\bcrypt.dll
0x00007ff9567c0000 - 0x00007ff9568d4000 	C:\WINDOWS\System32\RPCRT4.dll
0x00007ff956300000 - 0x00007ff956371000 	C:\WINDOWS\System32\WS2_32.dll
0x00007ff954850000 - 0x00007ff95489d000 	C:\WINDOWS\SYSTEM32\POWRPROF.dll
0x00007ff94ed60000 - 0x00007ff94ed94000 	C:\WINDOWS\SYSTEM32\WINMM.dll
0x00007ff950d90000 - 0x00007ff950d9a000 	C:\WINDOWS\SYSTEM32\VERSION.dll
0x00007ff954830000 - 0x00007ff954843000 	C:\WINDOWS\SYSTEM32\UMPDC.dll
0x00007ff953980000 - 0x00007ff953998000 	C:\WINDOWS\SYSTEM32\kernel.appcore.dll
0x00007ff93d7f0000 - 0x00007ff93d7fa000 	C:\Program Files\Microsoft\jdk-17.0.15.6-hotspot\bin\jimage.dll
0x00007ff951dd0000 - 0x00007ff952002000 	C:\WINDOWS\SYSTEM32\DBGHELP.DLL
0x00007ff9568f0000 - 0x00007ff956c83000 	C:\WINDOWS\System32\combase.dll
0x00007ff956f60000 - 0x00007ff957037000 	C:\WINDOWS\System32\OLEAUT32.dll
0x00007ff93c8e0000 - 0x00007ff93c912000 	C:\WINDOWS\SYSTEM32\dbgcore.DLL
0x00007ff955170000 - 0x00007ff9551eb000 	C:\WINDOWS\System32\bcryptPrimitives.dll
0x00007ff93cad0000 - 0x00007ff93cade000 	C:\Program Files\Microsoft\jdk-17.0.15.6-hotspot\bin\instrument.dll
0x00007ff92e7c0000 - 0x00007ff92e7e5000 	C:\Program Files\Microsoft\jdk-17.0.15.6-hotspot\bin\java.dll
0x00007ff92a750000 - 0x00007ff92a826000 	C:\Program Files\Microsoft\jdk-17.0.15.6-hotspot\bin\jsvml.dll
0x00007ff955a50000 - 0x00007ff9562f2000 	C:\WINDOWS\System32\SHELL32.dll
0x00007ff954de0000 - 0x00007ff954f1f000 	C:\WINDOWS\System32\wintypes.dll
0x00007ff952870000 - 0x00007ff95318d000 	C:\WINDOWS\SYSTEM32\windows.storage.dll
0x00007ff9563d0000 - 0x00007ff9564db000 	C:\WINDOWS\System32\SHCORE.dll
0x00007ff957040000 - 0x00007ff9570a9000 	C:\WINDOWS\System32\shlwapi.dll
0x00007ff9548b0000 - 0x00007ff9548db000 	C:\WINDOWS\SYSTEM32\profapi.dll
0x00007ff92e770000 - 0x00007ff92e788000 	C:\Program Files\Microsoft\jdk-17.0.15.6-hotspot\bin\zip.dll
0x00007ff93d7d0000 - 0x00007ff93d7ea000 	C:\Program Files\Microsoft\jdk-17.0.15.6-hotspot\bin\net.dll
0x00007ff945700000 - 0x00007ff94582c000 	C:\WINDOWS\SYSTEM32\WINHTTP.dll
0x00007ff953e00000 - 0x00007ff953e6a000 	C:\WINDOWS\system32\mswsock.dll
0x00007ff9311d0000 - 0x00007ff9311e6000 	C:\Program Files\Microsoft\jdk-17.0.15.6-hotspot\bin\nio.dll
0x00007ff9370e0000 - 0x00007ff9370e9000 	C:\Program Files\Microsoft\jdk-17.0.15.6-hotspot\bin\extnet.dll
0x00007ff937090000 - 0x00007ff93709a000 	C:\Program Files\Microsoft\jdk-17.0.15.6-hotspot\bin\management.dll
0x00007ff935b40000 - 0x00007ff935b4b000 	C:\Program Files\Microsoft\jdk-17.0.15.6-hotspot\bin\management_ext.dll
0x00007ff9568e0000 - 0x00007ff9568e8000 	C:\WINDOWS\System32\PSAPI.DLL
0x00007ff93c520000 - 0x00007ff93c52e000 	C:\Program Files\Microsoft\jdk-17.0.15.6-hotspot\bin\sunmscapi.dll
0x00007ff955290000 - 0x00007ff9553f7000 	C:\WINDOWS\System32\CRYPT32.dll
0x00007ff954250000 - 0x00007ff95427d000 	C:\WINDOWS\SYSTEM32\ncrypt.dll
0x00007ff954210000 - 0x00007ff954247000 	C:\WINDOWS\SYSTEM32\NTASN1.dll
0x00007ff954020000 - 0x00007ff95403b000 	C:\WINDOWS\SYSTEM32\CRYPTSP.dll
0x00007ff9538e0000 - 0x00007ff953917000 	C:\WINDOWS\system32\rsaenh.dll
0x00007ff953ec0000 - 0x00007ff953ee8000 	C:\WINDOWS\SYSTEM32\USERENV.dll
0x00007ff954040000 - 0x00007ff95404c000 	C:\WINDOWS\SYSTEM32\CRYPTBASE.dll
0x00007ff953430000 - 0x00007ff95345d000 	C:\WINDOWS\SYSTEM32\IPHLPAPI.DLL
0x00007ff956c90000 - 0x00007ff956c99000 	C:\WINDOWS\System32\NSI.dll
0x00007ff945850000 - 0x00007ff945869000 	C:\WINDOWS\SYSTEM32\dhcpcsvc6.DLL
0x00007ff945830000 - 0x00007ff94584f000 	C:\WINDOWS\SYSTEM32\dhcpcsvc.DLL
0x00007ff9534b0000 - 0x00007ff9535a8000 	C:\WINDOWS\SYSTEM32\DNSAPI.dll
0x00007ff93d750000 - 0x00007ff93d760000 	C:\Program Files\Microsoft\jdk-17.0.15.6-hotspot\bin\verify.dll
0x00007ff945060000 - 0x00007ff94506a000 	C:\Windows\System32\rasadhlp.dll
0x00007ff9458e0000 - 0x00007ff945963000 	C:\WINDOWS\System32\fwpuclnt.dll
0x00007ff92aaf0000 - 0x00007ff92aaf8000 	C:\WINDOWS\system32\wshunix.dll

dbghelp: loaded successfully - version: 4.0.5 - missing functions: none
symbol engine: initialized successfully - sym options: 0x614 - pdb path: .;C:\Program Files\Microsoft\jdk-17.0.15.6-hotspot\bin;C:\WINDOWS\SYSTEM32;C:\WINDOWS\WinSxS\amd64_microsoft.windows.common-controls_6595b64144ccf1df_6.0.22621.5240_none_2710eadf7384a318;C:\Program Files\Microsoft\jdk-17.0.15.6-hotspot\bin\server

VM Arguments:
jvm_args: -javaagent:C:\Program Files\JetBrains\IntelliJ IDEA Community Edition 2025.1.1\lib\idea_rt.jar=55874 -Dfile.encoding=UTF-8 
java_command: com.employee.EmployeeApplication
java_class_path (initial): C:\Users\liles\Downloads\EMS Portals\EMS Portal\target\classes;C:\Users\liles\.m2\repository\org\springframework\spring-web\6.1.4\spring-web-6.1.4.jar;C:\Users\liles\.m2\repository\org\springframework\spring-beans\6.2.5\spring-beans-6.2.5.jar;C:\Users\liles\.m2\repository\org\springframework\spring-core\6.2.5\spring-core-6.2.5.jar;C:\Users\liles\.m2\repository\org\springframework\spring-jcl\6.2.5\spring-jcl-6.2.5.jar;C:\Users\liles\.m2\repository\io\micrometer\micrometer-observation\1.14.5\micrometer-observation-1.14.5.jar;C:\Users\liles\.m2\repository\io\micrometer\micrometer-commons\1.14.5\micrometer-commons-1.14.5.jar;C:\Users\liles\.m2\repository\org\springframework\spring-webmvc\6.1.4\spring-webmvc-6.1.4.jar;C:\Users\liles\.m2\repository\org\springframework\spring-aop\6.2.5\spring-aop-6.2.5.jar;C:\Users\liles\.m2\repository\org\springframework\spring-context\6.2.5\spring-context-6.2.5.jar;C:\Users\liles\.m2\repository\org\springframework\spring-expression\6.2.5\spring-expression-6.2.5.jar;C:\Users\liles\.m2\repository\org\springframework\boot\spring-boot-starter-data-jpa\3.4.4\spring-boot-starter-data-jpa-3.4.4.jar;C:\Users\liles\.m2\repository\org\springframework\boot\spring-boot-starter\3.4.4\spring-boot-starter-3.4.4.jar;C:\Users\liles\.m2\repository\org\springframework\boot\spring-boot-starter-logging\3.4.4\spring-boot-starter-logging-3.4.4.jar;C:\Users\liles\.m2\repository\ch\qos\logback\logback-classic\1.5.18\logback-classic-1.5.18.jar;C:\Users\liles\.m2\repository\ch\qos\logback\logback-core\1.5.18\logback-core-1.5.18.jar;C:\Users\liles\.m2\repository\org\apache\logging\log4j\log4j-to-slf4j\2.24.3\log4j-to-slf4j-2.24.3.jar;C:\Users\liles\.m2\repository\org\apache\logging\log4j\log4j-api\2.24.3\log4j-api-2.24.3.jar;C:\Users\liles\.m2\repository\org\slf4j\jul-to-slf4j\2.0.17\jul-to-slf4j-2.0.17.jar;C:\Users\liles\.m2\repository\jakarta\annotation\jakarta.annotation-api\2.1.1\jakarta.annotation-api-2.1.1.jar;C:\Users\liles\.m2\r
Launcher Type: SUN_STANDARD

[Global flags]
     intx CICompilerCount                          = 3                                         {product} {ergonomic}
     uint ConcGCThreads                            = 1                                         {product} {ergonomic}
     uint G1ConcRefinementThreads                  = 4                                         {product} {ergonomic}
   size_t G1HeapRegionSize                         = 1048576                                   {product} {ergonomic}
    uintx GCDrainStackTargetSize                   = 64                                        {product} {ergonomic}
   size_t InitialHeapSize                          = 62914560                                  {product} {ergonomic}
   size_t MarkStackSize                            = 4194304                                   {product} {ergonomic}
   size_t MaxHeapSize                              = 1006632960                                {product} {ergonomic}
   size_t MaxNewSize                               = 603979776                                 {product} {ergonomic}
   size_t MinHeapDeltaBytes                        = 1048576                                   {product} {ergonomic}
   size_t MinHeapSize                              = 8388608                                   {product} {ergonomic}
    uintx NonNMethodCodeHeapSize                   = 5832780                                {pd product} {ergonomic}
    uintx NonProfiledCodeHeapSize                  = 122912730                              {pd product} {ergonomic}
    uintx ProfiledCodeHeapSize                     = 122912730                              {pd product} {ergonomic}
    uintx ReservedCodeCacheSize                    = 251658240                              {pd product} {ergonomic}
     bool SegmentedCodeCache                       = true                                      {product} {ergonomic}
   size_t SoftMaxHeapSize                          = 1006632960                             {manageable} {ergonomic}
     bool UseCompressedClassPointers               = true                           {product lp64_product} {ergonomic}
     bool UseCompressedOops                        = true                           {product lp64_product} {ergonomic}
     bool UseG1GC                                  = true                                      {product} {ergonomic}
     bool UseLargePagesIndividualAllocation        = false                                  {pd product} {ergonomic}

Logging:
Log output configuration:
 #0: stdout all=warning uptime,level,tags
 #1: stderr all=off uptime,level,tags

Environment Variables:
JAVA_HOME=C:\Program Files\Microsoft\jdk-17.0.15.6-hotspot\
PATH=C:\Program Files\Microsoft\jdk-17.0.15.6-hotspot\bin;C:\Python313\Scripts\;C:\Python313\;C:\Program Files\Common Files\Oracle\Java\javapath;C:\Program Files (x86)\Common Files\Oracle\Java\javapath;C:\WINDOWS\system32;C:\WINDOWS;C:\WINDOWS\System32\Wbem;C:\WINDOWS\System32\WindowsPowerShell\v1.0\;C:\WINDOWS\System32\OpenSSH\;C:\MinGW\bin;C:\Program Files\Git\cmd;C:\Android;C:\Windows\System32;C:\Program Files\Docker\Docker\resources\bin;C:\ProgramData\chocolatey\bin;C:\Users\liles\AppData\Local\Android\Sdk\platform-tools;C:\Users\liles\AppData\Local\Android\Sdk\platform;C:\Users\liles\AppData\Local\Android\Sdk;C:\Users\liles\AppData\Local\Android\Sdk\build-tools;C:\Users\liles\AppData\Local\Android\Sdk\emulator;C:\Program Files\nodejs\;C:\Program Files\MySQL\MySQL Shell 8.0\bin\;C:\Users\liles\AppData\Local\Programs\Python\Python310\Scripts\;C:\Users\liles\AppData\Local\Programs\Python\Python310\;C:\Users\liles\AppData\Local\Microsoft\WindowsApps;C:\Users\liles\AppData\Local\Programs\Microsoft VS Code\bin;C:\Users\liles\AppData\Local\GitHubDesktop\bin;C:\Program Files\heroku\bin;C:\Program Files\JetBrains\IntelliJ IDEA Community Edition 2025.1.1\bin;;%MAVEN_HOME%\bin;C:\Users\liles\Downloads\apache-maven-3.9.9-bin\apache-maven-3.9.9\bin;%MAVEN_HOME%\bin;C:\Users\liles\AppData\Local\Programs\cursor\resources\app\bin;C:\Users\liles\AppData\Local\Android\Sdk\platform-tools;C:\Users\liles\AppData\Local\Android\Sdk;C:\Users\liles\AppData\Local\Android\Sdk\emulator;C:\Users\liles\AppData\Local\Android\Sdk\build-tools;C:\Users\liles\AppData\Local\Android\Sdk\platforms;C:\Program Files\Microsoft\jdk-17.0.15.6-hotspot\bin;C:\Users\liles\AppData\Roaming\npm
USERNAME=liles
OS=Windows_NT
PROCESSOR_IDENTIFIER=Intel64 Family 6 Model 126 Stepping 5, GenuineIntel
TMP=C:\Users\liles\AppData\Local\Temp
TEMP=C:\Users\liles\AppData\Local\Temp



Periodic native trim disabled


---------------  S Y S T E M  ---------------

OS:
 Windows 11 , 64 bit Build 22621 (10.0.22621.5305)
OS uptime: 0 days 3:21 hours
Hyper-V role detected

CPU: total 4 (initial active 4) (2 cores per cpu, 2 threads per core) family 6 model 126 stepping 5 microcode 0xa0, cx8, cmov, fxsr, ht, mmx, 3dnowpref, sse, sse2, sse3, ssse3, sse4.1, sse4.2, popcnt, lzcnt, tsc, tscinvbit, avx, avx2, aes, erms, clmul, bmi1, bmi2, adx, avx512f, avx512dq, avx512cd, avx512bw, avx512vl, sha, fma, vzeroupper, avx512_vpopcntdq, avx512_vpclmulqdq, avx512_vaes, avx512_vnni, clflush, clflushopt, avx512_vbmi2, avx512_vbmi, hv
Processor Information for the first 4 processors :
  Max Mhz: 1201, Current Mhz: 1200, Mhz Limit: 1188

Memory: 4k page, system-wide physical 3835M (123M free)
TotalPageFile size 15611M (AvailPageFile size 4M)
current process WorkingSet (physical memory assigned to process): 280M, peak: 295M
current process commit charge ("private bytes"): 337M, peak: 339M

vm_info: OpenJDK 64-Bit Server VM (17.0.15+6-LTS) for windows-amd64 JRE (17.0.15+6-LTS), built on Apr  9 2025 22:27:25 by "MicrosoftCorporation" with unknown MS VC++:1939

END.
