#
# There is insufficient memory for the Java Runtime Environment to continue.
# Native memory allocation (malloc) failed to allocate 4018096 bytes. Error detail: Chunk::new
# Possible reasons:
#   The system is out of physical RAM or swap space
#   This process is running with CompressedOops enabled, and the Java Heap may be blocking the growth of the native heap
# Possible solutions:
#   Reduce memory load on the system
#   Increase physical memory or swap space
#   Check if swap backing store is full
#   Decrease Java heap size (-Xmx/-Xms)
#   Decrease number of Java threads
#   Decrease Java thread stack sizes (-Xss)
#   Set larger code cache with -XX:ReservedCodeCacheSize=
#   JVM is running with Unscaled Compressed Oops mode in which the Java heap is
#     placed in the first 4GB address space. The Java Heap base address is the
#     maximum limit for the native heap growth. Please use -XX:HeapBaseMinAddress
#     to set the Java Heap base and to place the Java Heap above 4GB virtual address.
# This output file may be truncated or incomplete.
#
#  Out of Memory Error (arena.cpp:191), pid=11784, tid=21704
#
# JRE version: OpenJDK Runtime Environment Microsoft-11369865 (17.0.15+6) (build 17.0.15+6-LTS)
# Java VM: OpenJDK 64-Bit Server VM Microsoft-11369865 (17.0.15+6-LTS, mixed mode, sharing, tiered, compressed oops, compressed class ptrs, g1 gc, windows-amd64)
# No core dump will be written. Minidumps are not enabled by default on client versions of Windows
#

---------------  S U M M A R Y ------------

Command Line: -javaagent:C:\Program Files\JetBrains\IntelliJ IDEA Community Edition 2025.1.1\lib\idea_rt.jar=55625 -Dfile.encoding=UTF-8 com.employee.EmployeeApplication

Host: Intel(R) Core(TM) i3-1005G1 CPU @ 1.20GHz, 4 cores, 3G,  Windows 11 , 64 bit Build 22621 (10.0.22621.5305)
Time: Thu May 29 14:17:21 2025 India Standard Time elapsed time: 52.239448 seconds (0d 0h 0m 52s)

---------------  T H R E A D  ---------------

Current thread (0x00000228ead72410):  JavaThread "C2 CompilerThread1" daemon [_thread_in_native, id=21704, stack(0x000000a05d300000,0x000000a05d400000)]


Current CompileTask:
C2:  52239 9301       4       java.lang.Class::annotationData (44 bytes)

Stack: [0x000000a05d300000,0x000000a05d400000]
Native frames: (J=compiled Java code, j=interpreted, Vv=VM code, C=native code)
V  [jvm.dll+0x6887a9]
V  [jvm.dll+0x83f5a8]
V  [jvm.dll+0x841053]
V  [jvm.dll+0x8416c3]
V  [jvm.dll+0x2496ef]
V  [jvm.dll+0xad134]
V  [jvm.dll+0xad7cc]
V  [jvm.dll+0x36af2e]
V  [jvm.dll+0x1bd065]
V  [jvm.dll+0x21aa7c]
V  [jvm.dll+0x219d3f]
V  [jvm.dll+0x1a55f6]
V  [jvm.dll+0x22a39a]
V  [jvm.dll+0x2284db]
V  [jvm.dll+0x7f4e28]
V  [jvm.dll+0x7ef2dc]
V  [jvm.dll+0x687687]
C  [ucrtbase.dll+0x29333]
C  [KERNEL32.DLL+0x1259d]
C  [ntdll.dll+0x5af78]


---------------  P R O C E S S  ---------------

Threads class SMR info:
_java_thread_list=0x00000228ec44ba00, length=33, elements={
0x00000228e5e09710, 0x00000228e5e0a2d0, 0x00000228e5e1aac0, 0x00000228e5e1b680,
0x00000228e5e1e050, 0x00000228e5e20a20, 0x00000228e5e2cc20, 0x00000228e5e4ddc0,
0x00000228e5e567b0, 0x00000228e5df0f60, 0x00000228ea521880, 0x00000228ea3f8240,
0x00000228ec008cb0, 0x00000228ec0091c0, 0x00000228ec0087a0, 0x00000228ec007870,
0x00000228ec006e50, 0x00000228ec0096d0, 0x00000228ec005f20, 0x00000228ec007d80,
0x00000228ec006940, 0x00000228ee6f8860, 0x00000228ee6f8d70, 0x00000228ee6f7e40,
0x00000228ee6f9280, 0x00000228ee6f9790, 0x00000228ee6f8350, 0x00000228ee6f9ca0,
0x00000228ee6fa1b0, 0x00000228ee6fa6c0, 0x00000228ee6f6f10, 0x00000228ee6f7420,
0x00000228ead72410
}

Java Threads: ( => current thread )
  0x00000228e5e09710 JavaThread "Reference Handler" daemon [_thread_blocked, id=9688, stack(0x000000a05ad00000,0x000000a05ae00000)]
  0x00000228e5e0a2d0 JavaThread "Finalizer" daemon [_thread_blocked, id=3068, stack(0x000000a05ae00000,0x000000a05af00000)]
  0x00000228e5e1aac0 JavaThread "Signal Dispatcher" daemon [_thread_blocked, id=21724, stack(0x000000a05af00000,0x000000a05b000000)]
  0x00000228e5e1b680 JavaThread "Attach Listener" daemon [_thread_blocked, id=19216, stack(0x000000a05b000000,0x000000a05b100000)]
  0x00000228e5e1e050 JavaThread "Service Thread" daemon [_thread_blocked, id=22516, stack(0x000000a05b100000,0x000000a05b200000)]
  0x00000228e5e20a20 JavaThread "Monitor Deflation Thread" daemon [_thread_blocked, id=6860, stack(0x000000a05b200000,0x000000a05b300000)]
  0x00000228e5e2cc20 JavaThread "C2 CompilerThread0" daemon [_thread_in_native, id=8396, stack(0x000000a05b300000,0x000000a05b400000)]
  0x00000228e5e4ddc0 JavaThread "C1 CompilerThread0" daemon [_thread_blocked, id=4820, stack(0x000000a05b400000,0x000000a05b500000)]
  0x00000228e5e567b0 JavaThread "Sweeper thread" daemon [_thread_blocked, id=19768, stack(0x000000a05b500000,0x000000a05b600000)]
  0x00000228e5df0f60 JavaThread "Common-Cleaner" daemon [_thread_blocked, id=21304, stack(0x000000a05b600000,0x000000a05b700000)]
  0x00000228ea521880 JavaThread "Monitor Ctrl-Break" daemon [_thread_in_native, id=3524, stack(0x000000a05b700000,0x000000a05b800000)]
  0x00000228ea3f8240 JavaThread "Notification Thread" daemon [_thread_blocked, id=21528, stack(0x000000a05b800000,0x000000a05b900000)]
  0x00000228ec008cb0 JavaThread "Catalina-utility-1" [_thread_blocked, id=18884, stack(0x000000a05bf00000,0x000000a05c000000)]
  0x00000228ec0091c0 JavaThread "Catalina-utility-2" [_thread_blocked, id=7728, stack(0x000000a05c000000,0x000000a05c100000)]
  0x00000228ec0087a0 JavaThread "container-0" [_thread_blocked, id=8056, stack(0x000000a05c100000,0x000000a05c200000)]
  0x00000228ec007870 JavaThread "mysql-cj-abandoned-connection-cleanup" daemon [_thread_blocked, id=13640, stack(0x000000a05c200000,0x000000a05c300000)]
  0x00000228ec006e50 JavaThread "HikariPool-1 housekeeper" daemon [_thread_blocked, id=19324, stack(0x000000a05c400000,0x000000a05c500000)]
  0x00000228ec0096d0 JavaThread "File Watcher" daemon [_thread_blocked, id=276, stack(0x000000a05c500000,0x000000a05c600000)]
  0x00000228ec005f20 JavaThread "Live Reload Server" daemon [_thread_in_native, id=21720, stack(0x000000a05c700000,0x000000a05c800000)]
  0x00000228ec007d80 JavaThread "http-nio-8080-exec-1" daemon [_thread_in_native, id=21940, stack(0x000000a05c600000,0x000000a05c700000)]
  0x00000228ec006940 JavaThread "http-nio-8080-exec-2" daemon [_thread_blocked, id=20624, stack(0x000000a05c800000,0x000000a05c900000)]
  0x00000228ee6f8860 JavaThread "http-nio-8080-exec-3" daemon [_thread_blocked, id=20796, stack(0x000000a05c900000,0x000000a05ca00000)]
  0x00000228ee6f8d70 JavaThread "http-nio-8080-exec-4" daemon [_thread_blocked, id=15868, stack(0x000000a05ca00000,0x000000a05cb00000)]
  0x00000228ee6f7e40 JavaThread "http-nio-8080-exec-5" daemon [_thread_blocked, id=19692, stack(0x000000a05cb00000,0x000000a05cc00000)]
  0x00000228ee6f9280 JavaThread "http-nio-8080-exec-6" daemon [_thread_blocked, id=5128, stack(0x000000a05cc00000,0x000000a05cd00000)]
  0x00000228ee6f9790 JavaThread "http-nio-8080-exec-7" daemon [_thread_blocked, id=21732, stack(0x000000a05cd00000,0x000000a05ce00000)]
  0x00000228ee6f8350 JavaThread "http-nio-8080-exec-8" daemon [_thread_blocked, id=21800, stack(0x000000a05ce00000,0x000000a05cf00000)]
  0x00000228ee6f9ca0 JavaThread "http-nio-8080-exec-9" daemon [_thread_blocked, id=10352, stack(0x000000a05cf00000,0x000000a05d000000)]
  0x00000228ee6fa1b0 JavaThread "http-nio-8080-exec-10" daemon [_thread_blocked, id=20356, stack(0x000000a05d000000,0x000000a05d100000)]
  0x00000228ee6fa6c0 JavaThread "http-nio-8080-Poller" daemon [_thread_in_native, id=11024, stack(0x000000a05d100000,0x000000a05d200000)]
  0x00000228ee6f6f10 JavaThread "http-nio-8080-Acceptor" daemon [_thread_in_native, id=18088, stack(0x000000a05d200000,0x000000a05d300000)]
  0x00000228ee6f7420 JavaThread "DestroyJavaVM" [_thread_blocked, id=18516, stack(0x000000a05a600000,0x000000a05a700000)]
=>0x00000228ead72410 JavaThread "C2 CompilerThread1" daemon [_thread_in_native, id=21704, stack(0x000000a05d300000,0x000000a05d400000)]

Other Threads:
  0x00000228e5e061e0 VMThread "VM Thread" [stack: 0x000000a05ac00000,0x000000a05ad00000] [id=6576]
  0x00000228ea521d60 WatcherThread [stack: 0x000000a05b900000,0x000000a05ba00000] [id=11556]
  0x00000228cabd6940 GCTaskThread "GC Thread#0" [stack: 0x000000a05a700000,0x000000a05a800000] [id=20944]
  0x00000228eaa6b9c0 GCTaskThread "GC Thread#1" [stack: 0x000000a05ba00000,0x000000a05bb00000] [id=3272]
  0x00000228eaa08710 GCTaskThread "GC Thread#2" [stack: 0x000000a05bb00000,0x000000a05bc00000] [id=18768]
  0x00000228eaa089d0 GCTaskThread "GC Thread#3" [stack: 0x000000a05bc00000,0x000000a05bd00000] [id=20568]
  0x00000228cabe00a0 ConcurrentGCThread "G1 Main Marker" [stack: 0x000000a05a800000,0x000000a05a900000] [id=1256]
  0x00000228cabe0ac0 ConcurrentGCThread "G1 Conc#0" [stack: 0x000000a05a900000,0x000000a05aa00000] [id=16216]
  0x00000228cac222e0 ConcurrentGCThread "G1 Refine#0" [stack: 0x000000a05aa00000,0x000000a05ab00000] [id=13936]
  0x00000228cac22d10 ConcurrentGCThread "G1 Service" [stack: 0x000000a05ab00000,0x000000a05ac00000] [id=14008]

Threads with active compile tasks:
C2 CompilerThread0    52292 9324   !   4       org.springframework.aop.aspectj.AspectJExpressionPointcut::getShadowMatch (239 bytes)
C2 CompilerThread1    52292 9301       4       java.lang.Class::annotationData (44 bytes)

VM state: not at safepoint (normal execution)

VM Mutex/Monitor currently owned by a thread: None

Heap address: 0x00000000c4000000, size: 960 MB, Compressed Oops mode: 32-bit

CDS archive(s) mapped at: [0x0000022880000000-0x0000022880bb0000-0x0000022880bb0000), size 12255232, SharedBaseAddress: 0x0000022880000000, ArchiveRelocationMode: 1.
Compressed class space mapped at: 0x0000022881000000-0x00000228c1000000, reserved size: 1073741824
Narrow klass base: 0x0000022880000000, Narrow klass shift: 0, Narrow klass range: 0x100000000

GC Precious Log:
 CPUs: 4 total, 4 available
 Memory: 3835M
 Large Page Support: Disabled
 NUMA Support: Disabled
 Compressed Oops: Enabled (32-bit)
 Heap Region Size: 1M
 Heap Min Capacity: 8M
 Heap Initial Capacity: 60M
 Heap Max Capacity: 960M
 Pre-touch: Disabled
 Parallel Workers: 4
 Concurrent Workers: 1
 Concurrent Refinement Workers: 4
 Periodic GC: Disabled

Heap:
 garbage-first heap   total 129024K, used 78284K [0x00000000c4000000, 0x0000000100000000)
  region size 1024K, 39 young (39936K), 7 survivors (7168K)
 Metaspace       used 86499K, committed 87168K, reserved 1179648K
  class space    used 11674K, committed 11968K, reserved 1048576K

Heap Regions: E=young(eden), S=young(survivor), O=old, HS=humongous(starts), HC=humongous(continues), CS=collection set, F=free, OA=open archive, CA=closed archive, TAMS=top-at-mark-start (previous, next)
|   0|0x00000000c4000000, 0x00000000c4100000, 0x00000000c4100000|100%|HS|  |TAMS 0x00000000c4100000, 0x00000000c4000000| Complete 
|   1|0x00000000c4100000, 0x00000000c4200000, 0x00000000c4200000|100%|HS|  |TAMS 0x00000000c4200000, 0x00000000c4100000| Complete 
|   2|0x00000000c4200000, 0x00000000c4300000, 0x00000000c4300000|100%| O|  |TAMS 0x00000000c4300000, 0x00000000c4200000| Untracked 
|   3|0x00000000c4300000, 0x00000000c4400000, 0x00000000c4400000|100%| O|  |TAMS 0x00000000c4400000, 0x00000000c4300000| Untracked 
|   4|0x00000000c4400000, 0x00000000c4500000, 0x00000000c4500000|100%| O|  |TAMS 0x00000000c4500000, 0x00000000c4400000| Untracked 
|   5|0x00000000c4500000, 0x00000000c4600000, 0x00000000c4600000|100%| O|  |TAMS 0x00000000c4600000, 0x00000000c4500000| Untracked 
|   6|0x00000000c4600000, 0x00000000c4700000, 0x00000000c4700000|100%| O|  |TAMS 0x00000000c4700000, 0x00000000c4600000| Untracked 
|   7|0x00000000c4700000, 0x00000000c4800000, 0x00000000c4800000|100%| O|  |TAMS 0x00000000c4800000, 0x00000000c4700000| Untracked 
|   8|0x00000000c4800000, 0x00000000c4900000, 0x00000000c4900000|100%| O|  |TAMS 0x00000000c4900000, 0x00000000c4800000| Untracked 
|   9|0x00000000c4900000, 0x00000000c4a00000, 0x00000000c4a00000|100%| O|  |TAMS 0x00000000c4a00000, 0x00000000c4900000| Untracked 
|  10|0x00000000c4a00000, 0x00000000c4b00000, 0x00000000c4b00000|100%| O|  |TAMS 0x00000000c4b00000, 0x00000000c4a00000| Untracked 
|  11|0x00000000c4b00000, 0x00000000c4c00000, 0x00000000c4c00000|100%| O|  |TAMS 0x00000000c4c00000, 0x00000000c4b00000| Untracked 
|  12|0x00000000c4c00000, 0x00000000c4d00000, 0x00000000c4d00000|100%| O|  |TAMS 0x00000000c4d00000, 0x00000000c4c00000| Untracked 
|  13|0x00000000c4d00000, 0x00000000c4e00000, 0x00000000c4e00000|100%| O|  |TAMS 0x00000000c4e00000, 0x00000000c4d00000| Untracked 
|  14|0x00000000c4e00000, 0x00000000c4f00000, 0x00000000c4f00000|100%| O|  |TAMS 0x00000000c4f00000, 0x00000000c4e00000| Untracked 
|  15|0x00000000c4f00000, 0x00000000c5000000, 0x00000000c5000000|100%| O|  |TAMS 0x00000000c5000000, 0x00000000c4f00000| Untracked 
|  16|0x00000000c5000000, 0x00000000c5100000, 0x00000000c5100000|100%| O|  |TAMS 0x00000000c5100000, 0x00000000c5000000| Untracked 
|  17|0x00000000c5100000, 0x00000000c51c9000, 0x00000000c5200000| 78%| O|  |TAMS 0x00000000c5100000, 0x00000000c5100000| Untracked 
|  18|0x00000000c5200000, 0x00000000c5300000, 0x00000000c5300000|100%| O|  |TAMS 0x00000000c5300000, 0x00000000c5200000| Untracked 
|  19|0x00000000c5300000, 0x00000000c5400000, 0x00000000c5400000|100%| O|  |TAMS 0x00000000c5400000, 0x00000000c5300000| Untracked 
|  20|0x00000000c5400000, 0x00000000c5500000, 0x00000000c5500000|100%| O|  |TAMS 0x00000000c5500000, 0x00000000c5400000| Untracked 
|  21|0x00000000c5500000, 0x00000000c5600000, 0x00000000c5600000|100%| O|  |TAMS 0x00000000c5600000, 0x00000000c5500000| Untracked 
|  22|0x00000000c5600000, 0x00000000c5700000, 0x00000000c5700000|100%| O|  |TAMS 0x00000000c5700000, 0x00000000c5600000| Untracked 
|  23|0x00000000c5700000, 0x00000000c5800000, 0x00000000c5800000|100%| O|  |TAMS 0x00000000c5800000, 0x00000000c5700000| Untracked 
|  24|0x00000000c5800000, 0x00000000c5900000, 0x00000000c5900000|100%| O|  |TAMS 0x00000000c5900000, 0x00000000c5800000| Untracked 
|  25|0x00000000c5900000, 0x00000000c5a00000, 0x00000000c5a00000|100%| O|  |TAMS 0x00000000c5a00000, 0x00000000c5900000| Untracked 
|  26|0x00000000c5a00000, 0x00000000c5b00000, 0x00000000c5b00000|100%| O|  |TAMS 0x00000000c5b00000, 0x00000000c5a00000| Untracked 
|  27|0x00000000c5b00000, 0x00000000c5c00000, 0x00000000c5c00000|100%| O|  |TAMS 0x00000000c5c00000, 0x00000000c5b00000| Untracked 
|  28|0x00000000c5c00000, 0x00000000c5d00000, 0x00000000c5d00000|100%| O|  |TAMS 0x00000000c5d00000, 0x00000000c5c00000| Untracked 
|  29|0x00000000c5d00000, 0x00000000c5e00000, 0x00000000c5e00000|100%| O|  |TAMS 0x00000000c5e00000, 0x00000000c5d00000| Untracked 
|  30|0x00000000c5e00000, 0x00000000c5f00000, 0x00000000c5f00000|100%| O|  |TAMS 0x00000000c5f00000, 0x00000000c5e00000| Untracked 
|  31|0x00000000c5f00000, 0x00000000c6000000, 0x00000000c6000000|100%| O|  |TAMS 0x00000000c6000000, 0x00000000c5f00000| Untracked 
|  32|0x00000000c6000000, 0x00000000c6100000, 0x00000000c6100000|100%| O|  |TAMS 0x00000000c6100000, 0x00000000c6000000| Untracked 
|  33|0x00000000c6100000, 0x00000000c6200000, 0x00000000c6200000|100%| O|  |TAMS 0x00000000c6200000, 0x00000000c6100000| Untracked 
|  34|0x00000000c6200000, 0x00000000c6300000, 0x00000000c6300000|100%| O|  |TAMS 0x00000000c6300000, 0x00000000c6200000| Untracked 
|  35|0x00000000c6300000, 0x00000000c6400000, 0x00000000c6400000|100%| O|  |TAMS 0x00000000c6400000, 0x00000000c6300000| Untracked 
|  36|0x00000000c6400000, 0x00000000c6500000, 0x00000000c6500000|100%| O|  |TAMS 0x00000000c6500000, 0x00000000c6400000| Untracked 
|  37|0x00000000c6500000, 0x00000000c6600000, 0x00000000c6600000|100%| O|  |TAMS 0x00000000c6600000, 0x00000000c6500000| Untracked 
|  38|0x00000000c6600000, 0x00000000c6700000, 0x00000000c6700000|100%| O|  |TAMS 0x00000000c6662200, 0x00000000c6600000| Untracked 
|  39|0x00000000c6700000, 0x00000000c6700000, 0x00000000c6800000|  0%| F|  |TAMS 0x00000000c6700000, 0x00000000c6700000| Untracked 
|  40|0x00000000c6800000, 0x00000000c6800000, 0x00000000c6900000|  0%| F|  |TAMS 0x00000000c6800000, 0x00000000c6800000| Untracked 
|  41|0x00000000c6900000, 0x00000000c6900000, 0x00000000c6a00000|  0%| F|  |TAMS 0x00000000c6900000, 0x00000000c6900000| Untracked 
|  42|0x00000000c6a00000, 0x00000000c6a00000, 0x00000000c6b00000|  0%| F|  |TAMS 0x00000000c6a00000, 0x00000000c6a00000| Untracked 
|  43|0x00000000c6b00000, 0x00000000c6b00000, 0x00000000c6c00000|  0%| F|  |TAMS 0x00000000c6b00000, 0x00000000c6b00000| Untracked 
|  44|0x00000000c6c00000, 0x00000000c6c00000, 0x00000000c6d00000|  0%| F|  |TAMS 0x00000000c6c00000, 0x00000000c6c00000| Untracked 
|  45|0x00000000c6d00000, 0x00000000c6d00000, 0x00000000c6e00000|  0%| F|  |TAMS 0x00000000c6d00000, 0x00000000c6d00000| Untracked 
|  46|0x00000000c6e00000, 0x00000000c6e00000, 0x00000000c6f00000|  0%| F|  |TAMS 0x00000000c6e00000, 0x00000000c6e00000| Untracked 
|  47|0x00000000c6f00000, 0x00000000c6f00000, 0x00000000c7000000|  0%| F|  |TAMS 0x00000000c6f00000, 0x00000000c6f00000| Untracked 
|  48|0x00000000c7000000, 0x00000000c7000000, 0x00000000c7100000|  0%| F|  |TAMS 0x00000000c7000000, 0x00000000c7000000| Untracked 
|  49|0x00000000c7100000, 0x00000000c7100000, 0x00000000c7200000|  0%| F|  |TAMS 0x00000000c7100000, 0x00000000c7100000| Untracked 
|  50|0x00000000c7200000, 0x00000000c7200000, 0x00000000c7300000|  0%| F|  |TAMS 0x00000000c7200000, 0x00000000c7200000| Untracked 
|  51|0x00000000c7300000, 0x00000000c7300000, 0x00000000c7400000|  0%| F|  |TAMS 0x00000000c7300000, 0x00000000c7300000| Untracked 
|  52|0x00000000c7400000, 0x00000000c7400000, 0x00000000c7500000|  0%| F|  |TAMS 0x00000000c7400000, 0x00000000c7400000| Untracked 
|  53|0x00000000c7500000, 0x00000000c7500000, 0x00000000c7600000|  0%| F|  |TAMS 0x00000000c7500000, 0x00000000c7500000| Untracked 
|  54|0x00000000c7600000, 0x00000000c7600000, 0x00000000c7700000|  0%| F|  |TAMS 0x00000000c7600000, 0x00000000c7600000| Untracked 
|  55|0x00000000c7700000, 0x00000000c7700000, 0x00000000c7800000|  0%| F|  |TAMS 0x00000000c7700000, 0x00000000c7700000| Untracked 
|  56|0x00000000c7800000, 0x00000000c7800000, 0x00000000c7900000|  0%| F|  |TAMS 0x00000000c7800000, 0x00000000c7800000| Untracked 
|  57|0x00000000c7900000, 0x00000000c7900000, 0x00000000c7a00000|  0%| F|  |TAMS 0x00000000c7900000, 0x00000000c7900000| Untracked 
|  58|0x00000000c7a00000, 0x00000000c7aaa310, 0x00000000c7b00000| 66%| S|CS|TAMS 0x00000000c7a00000, 0x00000000c7a00000| Complete 
|  59|0x00000000c7b00000, 0x00000000c7c00000, 0x00000000c7c00000|100%| S|CS|TAMS 0x00000000c7b00000, 0x00000000c7b00000| Complete 
|  60|0x00000000c7c00000, 0x00000000c7d00000, 0x00000000c7d00000|100%| S|CS|TAMS 0x00000000c7c00000, 0x00000000c7c00000| Complete 
|  61|0x00000000c7d00000, 0x00000000c7e00000, 0x00000000c7e00000|100%| S|CS|TAMS 0x00000000c7d00000, 0x00000000c7d00000| Complete 
|  62|0x00000000c7e00000, 0x00000000c7f00000, 0x00000000c7f00000|100%| S|CS|TAMS 0x00000000c7e00000, 0x00000000c7e00000| Complete 
|  63|0x00000000c7f00000, 0x00000000c8000000, 0x00000000c8000000|100%| S|CS|TAMS 0x00000000c7f00000, 0x00000000c7f00000| Complete 
|  64|0x00000000c8000000, 0x00000000c8100000, 0x00000000c8100000|100%| S|CS|TAMS 0x00000000c8000000, 0x00000000c8000000| Complete 
|  65|0x00000000c8100000, 0x00000000c8100000, 0x00000000c8200000|  0%| F|  |TAMS 0x00000000c8100000, 0x00000000c8100000| Untracked 
|  66|0x00000000c8200000, 0x00000000c8200000, 0x00000000c8300000|  0%| F|  |TAMS 0x00000000c8200000, 0x00000000c8200000| Untracked 
|  67|0x00000000c8300000, 0x00000000c8300000, 0x00000000c8400000|  0%| F|  |TAMS 0x00000000c8300000, 0x00000000c8300000| Untracked 
|  68|0x00000000c8400000, 0x00000000c8400000, 0x00000000c8500000|  0%| F|  |TAMS 0x00000000c8400000, 0x00000000c8400000| Untracked 
|  69|0x00000000c8500000, 0x00000000c8500000, 0x00000000c8600000|  0%| F|  |TAMS 0x00000000c8500000, 0x00000000c8500000| Untracked 
|  70|0x00000000c8600000, 0x00000000c8600000, 0x00000000c8700000|  0%| F|  |TAMS 0x00000000c8600000, 0x00000000c8600000| Untracked 
|  71|0x00000000c8700000, 0x00000000c8700000, 0x00000000c8800000|  0%| F|  |TAMS 0x00000000c8700000, 0x00000000c8700000| Untracked 
|  72|0x00000000c8800000, 0x00000000c8800000, 0x00000000c8900000|  0%| F|  |TAMS 0x00000000c8800000, 0x00000000c8800000| Untracked 
|  73|0x00000000c8900000, 0x00000000c8900000, 0x00000000c8a00000|  0%| F|  |TAMS 0x00000000c8900000, 0x00000000c8900000| Untracked 
|  74|0x00000000c8a00000, 0x00000000c8a00000, 0x00000000c8b00000|  0%| F|  |TAMS 0x00000000c8a00000, 0x00000000c8a00000| Untracked 
|  75|0x00000000c8b00000, 0x00000000c8b00000, 0x00000000c8c00000|  0%| F|  |TAMS 0x00000000c8b00000, 0x00000000c8b00000| Untracked 
|  76|0x00000000c8c00000, 0x00000000c8c00000, 0x00000000c8d00000|  0%| F|  |TAMS 0x00000000c8c00000, 0x00000000c8c00000| Untracked 
|  77|0x00000000c8d00000, 0x00000000c8d00000, 0x00000000c8e00000|  0%| F|  |TAMS 0x00000000c8d00000, 0x00000000c8d00000| Untracked 
|  78|0x00000000c8e00000, 0x00000000c8e00000, 0x00000000c8f00000|  0%| F|  |TAMS 0x00000000c8e00000, 0x00000000c8e00000| Untracked 
|  79|0x00000000c8f00000, 0x00000000c8f00000, 0x00000000c9000000|  0%| F|  |TAMS 0x00000000c8f00000, 0x00000000c8f00000| Untracked 
|  80|0x00000000c9000000, 0x00000000c9000000, 0x00000000c9100000|  0%| F|  |TAMS 0x00000000c9000000, 0x00000000c9000000| Untracked 
|  81|0x00000000c9100000, 0x00000000c9100000, 0x00000000c9200000|  0%| F|  |TAMS 0x00000000c9100000, 0x00000000c9100000| Untracked 
|  82|0x00000000c9200000, 0x00000000c9200000, 0x00000000c9300000|  0%| F|  |TAMS 0x00000000c9200000, 0x00000000c9200000| Untracked 
|  83|0x00000000c9300000, 0x00000000c9300000, 0x00000000c9400000|  0%| F|  |TAMS 0x00000000c9300000, 0x00000000c9300000| Untracked 
|  84|0x00000000c9400000, 0x00000000c9400000, 0x00000000c9500000|  0%| F|  |TAMS 0x00000000c9400000, 0x00000000c9400000| Untracked 
|  85|0x00000000c9500000, 0x00000000c9500000, 0x00000000c9600000|  0%| F|  |TAMS 0x00000000c9500000, 0x00000000c9500000| Untracked 
|  86|0x00000000c9600000, 0x00000000c9600000, 0x00000000c9700000|  0%| F|  |TAMS 0x00000000c9600000, 0x00000000c9600000| Untracked 
|  87|0x00000000c9700000, 0x00000000c9700000, 0x00000000c9800000|  0%| F|  |TAMS 0x00000000c9700000, 0x00000000c9700000| Untracked 
|  88|0x00000000c9800000, 0x00000000c9800000, 0x00000000c9900000|  0%| F|  |TAMS 0x00000000c9800000, 0x00000000c9800000| Untracked 
|  89|0x00000000c9900000, 0x00000000c9900000, 0x00000000c9a00000|  0%| F|  |TAMS 0x00000000c9900000, 0x00000000c9900000| Untracked 
|  90|0x00000000c9a00000, 0x00000000c9a00000, 0x00000000c9b00000|  0%| F|  |TAMS 0x00000000c9a00000, 0x00000000c9a00000| Untracked 
|  91|0x00000000c9b00000, 0x00000000c9b00000, 0x00000000c9c00000|  0%| F|  |TAMS 0x00000000c9b00000, 0x00000000c9b00000| Untracked 
|  92|0x00000000c9c00000, 0x00000000c9c00000, 0x00000000c9d00000|  0%| F|  |TAMS 0x00000000c9c00000, 0x00000000c9c00000| Untracked 
|  93|0x00000000c9d00000, 0x00000000c9d00000, 0x00000000c9e00000|  0%| F|  |TAMS 0x00000000c9d00000, 0x00000000c9d00000| Untracked 
|  94|0x00000000c9e00000, 0x00000000c9e80000, 0x00000000c9f00000| 50%| E|  |TAMS 0x00000000c9e00000, 0x00000000c9e00000| Complete 
|  95|0x00000000c9f00000, 0x00000000ca000000, 0x00000000ca000000|100%| E|CS|TAMS 0x00000000c9f00000, 0x00000000c9f00000| Complete 
|  96|0x00000000ca000000, 0x00000000ca100000, 0x00000000ca100000|100%| E|CS|TAMS 0x00000000ca000000, 0x00000000ca000000| Complete 
|  97|0x00000000ca100000, 0x00000000ca200000, 0x00000000ca200000|100%| E|CS|TAMS 0x00000000ca100000, 0x00000000ca100000| Complete 
|  98|0x00000000ca200000, 0x00000000ca300000, 0x00000000ca300000|100%| E|CS|TAMS 0x00000000ca200000, 0x00000000ca200000| Complete 
|  99|0x00000000ca300000, 0x00000000ca400000, 0x00000000ca400000|100%| E|CS|TAMS 0x00000000ca300000, 0x00000000ca300000| Complete 
| 100|0x00000000ca400000, 0x00000000ca500000, 0x00000000ca500000|100%| E|CS|TAMS 0x00000000ca400000, 0x00000000ca400000| Complete 
| 101|0x00000000ca500000, 0x00000000ca600000, 0x00000000ca600000|100%| E|CS|TAMS 0x00000000ca500000, 0x00000000ca500000| Complete 
| 102|0x00000000ca600000, 0x00000000ca700000, 0x00000000ca700000|100%| E|CS|TAMS 0x00000000ca600000, 0x00000000ca600000| Complete 
| 103|0x00000000ca700000, 0x00000000ca800000, 0x00000000ca800000|100%| E|CS|TAMS 0x00000000ca700000, 0x00000000ca700000| Complete 
| 104|0x00000000ca800000, 0x00000000ca900000, 0x00000000ca900000|100%| E|CS|TAMS 0x00000000ca800000, 0x00000000ca800000| Complete 
| 105|0x00000000ca900000, 0x00000000caa00000, 0x00000000caa00000|100%| E|CS|TAMS 0x00000000ca900000, 0x00000000ca900000| Complete 
| 106|0x00000000caa00000, 0x00000000cab00000, 0x00000000cab00000|100%| E|CS|TAMS 0x00000000caa00000, 0x00000000caa00000| Complete 
| 107|0x00000000cab00000, 0x00000000cac00000, 0x00000000cac00000|100%| E|CS|TAMS 0x00000000cab00000, 0x00000000cab00000| Complete 
| 108|0x00000000cac00000, 0x00000000cad00000, 0x00000000cad00000|100%| E|CS|TAMS 0x00000000cac00000, 0x00000000cac00000| Complete 
| 109|0x00000000cad00000, 0x00000000cae00000, 0x00000000cae00000|100%| E|CS|TAMS 0x00000000cad00000, 0x00000000cad00000| Complete 
| 110|0x00000000cae00000, 0x00000000caf00000, 0x00000000caf00000|100%| E|CS|TAMS 0x00000000cae00000, 0x00000000cae00000| Complete 
| 111|0x00000000caf00000, 0x00000000cb000000, 0x00000000cb000000|100%| E|CS|TAMS 0x00000000caf00000, 0x00000000caf00000| Complete 
| 112|0x00000000cb000000, 0x00000000cb100000, 0x00000000cb100000|100%| E|CS|TAMS 0x00000000cb000000, 0x00000000cb000000| Complete 
| 113|0x00000000cb100000, 0x00000000cb200000, 0x00000000cb200000|100%| E|CS|TAMS 0x00000000cb100000, 0x00000000cb100000| Complete 
| 114|0x00000000cb200000, 0x00000000cb300000, 0x00000000cb300000|100%| E|CS|TAMS 0x00000000cb200000, 0x00000000cb200000| Complete 
| 115|0x00000000cb300000, 0x00000000cb400000, 0x00000000cb400000|100%| E|CS|TAMS 0x00000000cb300000, 0x00000000cb300000| Complete 
| 116|0x00000000cb400000, 0x00000000cb500000, 0x00000000cb500000|100%| E|CS|TAMS 0x00000000cb400000, 0x00000000cb400000| Complete 
| 117|0x00000000cb500000, 0x00000000cb600000, 0x00000000cb600000|100%| E|CS|TAMS 0x00000000cb500000, 0x00000000cb500000| Complete 
| 118|0x00000000cb600000, 0x00000000cb700000, 0x00000000cb700000|100%| E|CS|TAMS 0x00000000cb600000, 0x00000000cb600000| Complete 
| 119|0x00000000cb700000, 0x00000000cb800000, 0x00000000cb800000|100%| E|CS|TAMS 0x00000000cb700000, 0x00000000cb700000| Complete 
| 120|0x00000000cb800000, 0x00000000cb900000, 0x00000000cb900000|100%| E|CS|TAMS 0x00000000cb800000, 0x00000000cb800000| Complete 
| 121|0x00000000cb900000, 0x00000000cba00000, 0x00000000cba00000|100%| E|CS|TAMS 0x00000000cb900000, 0x00000000cb900000| Complete 
| 122|0x00000000cba00000, 0x00000000cbb00000, 0x00000000cbb00000|100%| E|CS|TAMS 0x00000000cba00000, 0x00000000cba00000| Complete 
| 123|0x00000000cbb00000, 0x00000000cbc00000, 0x00000000cbc00000|100%| E|CS|TAMS 0x00000000cbb00000, 0x00000000cbb00000| Complete 
| 124|0x00000000cbc00000, 0x00000000cbd00000, 0x00000000cbd00000|100%| E|CS|TAMS 0x00000000cbc00000, 0x00000000cbc00000| Complete 
| 125|0x00000000cbd00000, 0x00000000cbe00000, 0x00000000cbe00000|100%| E|CS|TAMS 0x00000000cbd00000, 0x00000000cbd00000| Complete 

Card table byte_map: [0x00000228e16d0000,0x00000228e18b0000] _byte_map_base: 0x00000228e10b0000

Marking Bits (Prev, Next): (CMBitMap*) 0x00000228cabd7f70, (CMBitMap*) 0x00000228cabd7fb0
 Prev Bits: [0x00000228e1a90000, 0x00000228e2990000)
 Next Bits: [0x00000228e2990000, 0x00000228e3890000)

Polling page: 0x00000228c8870000

Metaspace:

Usage:
  Non-class:     73.09 MB used.
      Class:     11.40 MB used.
       Both:     84.49 MB used.

Virtual space:
  Non-class space:      128.00 MB reserved,      73.50 MB ( 57%) committed,  2 nodes.
      Class space:        1.00 GB reserved,      11.69 MB (  1%) committed,  1 nodes.
             Both:        1.12 GB reserved,      85.19 MB (  7%) committed. 

Chunk freelists:
   Non-Class:  6.11 MB
       Class:  4.20 MB
        Both:  10.31 MB

MaxMetaspaceSize: unlimited
CompressedClassSpaceSize: 1.00 GB
Initial GC threshold: 21.00 MB
Current GC threshold: 128.06 MB
CDS: on
MetaspaceReclaimPolicy: balanced
 - commit_granule_bytes: 65536.
 - commit_granule_words: 8192.
 - virtual_space_node_default_size: 8388608.
 - enlarge_chunks_in_place: 1.
 - new_chunks_are_fully_committed: 0.
 - uncommit_free_chunks: 1.
 - use_allocation_guard: 0.
 - handle_deallocations: 1.


Internal statistics:

num_allocs_failed_limit: 6.
num_arena_births: 1016.
num_arena_deaths: 0.
num_vsnodes_births: 3.
num_vsnodes_deaths: 0.
num_space_committed: 1363.
num_space_uncommitted: 0.
num_chunks_returned_to_freelist: 6.
num_chunks_taken_from_freelist: 4198.
num_chunk_merges: 6.
num_chunk_splits: 2982.
num_chunks_enlarged: 2307.
num_inconsistent_stats: 0.

CodeHeap 'non-profiled nmethods': size=120000Kb used=4883Kb max_used=4924Kb free=115116Kb
 bounds [0x00000228da1a0000, 0x00000228da6b0000, 0x00000228e16d0000]
CodeHeap 'profiled nmethods': size=120000Kb used=14736Kb max_used=15842Kb free=105263Kb
 bounds [0x00000228d26d0000, 0x00000228d3650000, 0x00000228d9c00000]
CodeHeap 'non-nmethods': size=5760Kb used=1415Kb max_used=1486Kb free=4344Kb
 bounds [0x00000228d9c00000, 0x00000228d9e70000, 0x00000228da1a0000]
 total_blobs=8572 nmethods=7827 adapters=656
 compilation: enabled
              stopped_count=0, restarted_count=0
 full_count=0

Compilation events (20 events):
Event: 51.958 Thread 0x00000228e5e4ddc0 9325       3       java.lang.invoke.MethodHandles$Lookup::<init> (9 bytes)
Event: 51.958 Thread 0x00000228e5e4ddc0 nmethod 9325 0x00000228d30aa190 code [0x00000228d30aa340, 0x00000228d30aa488]
Event: 51.962 Thread 0x00000228e5e4ddc0 9326       3       org.hibernate.validator.internal.metadata.aggregated.ExecutableMetaData$Builder::findParameterMetaData (220 bytes)
Event: 51.965 Thread 0x00000228e5e4ddc0 nmethod 9326 0x00000228d303a410 code [0x00000228d303a820, 0x00000228d303ca38]
Event: 51.987 Thread 0x00000228e5e4ddc0 9330       2       java.lang.invoke.MethodType::listToArray (22 bytes)
Event: 51.988 Thread 0x00000228e5e4ddc0 nmethod 9330 0x00000228d322d110 code [0x00000228d322d300, 0x00000228d322d668]
Event: 52.040 Thread 0x00000228e5e4ddc0 9331       2       com.mysql.cj.protocol.a.NativeServerSession::setStatusFlags (24 bytes)
Event: 52.041 Thread 0x00000228e5e4ddc0 nmethod 9331 0x00000228d3439b90 code [0x00000228d3439d20, 0x00000228d3439e38]
Event: 52.085 Thread 0x00000228e5e4ddc0 9332       2       java.lang.invoke.MethodHandles::lookup (11 bytes)
Event: 52.086 Thread 0x00000228e5e4ddc0 nmethod 9332 0x00000228d349d790 code [0x00000228d349d940, 0x00000228d349dad8]
Event: 52.088 Thread 0x00000228e5e4ddc0 9333       1       org.hibernate.LockOptions::getLockMode (5 bytes)
Event: 52.088 Thread 0x00000228e5e4ddc0 nmethod 9333 0x00000228da5b1910 code [0x00000228da5b1aa0, 0x00000228da5b1b78]
Event: 52.166 Thread 0x00000228e5e2cc20 nmethod 9297 0x00000228da696590 code [0x00000228da697180, 0x00000228da6a1b48]
Event: 52.166 Thread 0x00000228e5e2cc20 9322       4       org.springframework.core.annotation.MergedAnnotations::from (11 bytes)
Event: 52.176 Thread 0x00000228e5e2cc20 nmethod 9322 0x00000228da5b0c10 code [0x00000228da5b0e00, 0x00000228da5b1330]
Event: 52.177 Thread 0x00000228e5e2cc20 9305       4       sun.net.www.ParseUtil::encodePath (41 bytes)
Event: 52.181 Thread 0x00000228e5e2cc20 nmethod 9305 0x00000228da5b0690 code [0x00000228da5b0820, 0x00000228da5b0a18]
Event: 52.181 Thread 0x00000228e5e2cc20 9324   !   4       org.springframework.aop.aspectj.AspectJExpressionPointcut::getShadowMatch (239 bytes)
Event: 52.212 Thread 0x00000228e5e4ddc0 9336  s    3       java.io.BufferedOutputStream::write (67 bytes)
Event: 52.212 Thread 0x00000228e5e4ddc0 nmethod 9336 0x00000228d299ee90 code [0x00000228d299f0a0, 0x00000228d299f7f8]

GC Heap History (20 events):
Event: 21.683 GC heap before
{Heap before GC invocations=23 (full 0):
 garbage-first heap   total 63488K, used 49902K [0x00000000c4000000, 0x0000000100000000)
  region size 1024K, 18 young (18432K), 2 survivors (2048K)
 Metaspace       used 66512K, committed 67008K, reserved 1114112K
  class space    used 8974K, committed 9216K, reserved 1048576K
}
Event: 21.686 GC heap after
{Heap after GC invocations=24 (full 0):
 garbage-first heap   total 63488K, used 33701K [0x00000000c4000000, 0x0000000100000000)
  region size 1024K, 2 young (2048K), 2 survivors (2048K)
 Metaspace       used 66512K, committed 67008K, reserved 1114112K
  class space    used 8974K, committed 9216K, reserved 1048576K
}
Event: 22.828 GC heap before
{Heap before GC invocations=24 (full 0):
 garbage-first heap   total 63488K, used 52133K [0x00000000c4000000, 0x0000000100000000)
  region size 1024K, 20 young (20480K), 2 survivors (2048K)
 Metaspace       used 69889K, committed 70528K, reserved 1114112K
  class space    used 9422K, committed 9728K, reserved 1048576K
}
Event: 22.835 GC heap after
{Heap after GC invocations=25 (full 0):
 garbage-first heap   total 63488K, used 35240K [0x00000000c4000000, 0x0000000100000000)
  region size 1024K, 3 young (3072K), 3 survivors (3072K)
 Metaspace       used 69889K, committed 70528K, reserved 1114112K
  class space    used 9422K, committed 9728K, reserved 1048576K
}
Event: 23.525 GC heap before
{Heap before GC invocations=26 (full 0):
 garbage-first heap   total 68608K, used 51624K [0x00000000c4000000, 0x0000000100000000)
  region size 1024K, 19 young (19456K), 3 survivors (3072K)
 Metaspace       used 72028K, committed 72640K, reserved 1114112K
  class space    used 9711K, committed 9984K, reserved 1048576K
}
Event: 23.532 GC heap after
{Heap after GC invocations=27 (full 0):
 garbage-first heap   total 68608K, used 36543K [0x00000000c4000000, 0x0000000100000000)
  region size 1024K, 2 young (2048K), 2 survivors (2048K)
 Metaspace       used 72028K, committed 72640K, reserved 1114112K
  class space    used 9711K, committed 9984K, reserved 1048576K
}
Event: 24.430 GC heap before
{Heap before GC invocations=27 (full 0):
 garbage-first heap   total 68608K, used 55999K [0x00000000c4000000, 0x0000000100000000)
  region size 1024K, 21 young (21504K), 2 survivors (2048K)
 Metaspace       used 73702K, committed 74304K, reserved 1114112K
  class space    used 9940K, committed 10176K, reserved 1048576K
}
Event: 24.436 GC heap after
{Heap after GC invocations=28 (full 0):
 garbage-first heap   total 68608K, used 37723K [0x00000000c4000000, 0x0000000100000000)
  region size 1024K, 3 young (3072K), 3 survivors (3072K)
 Metaspace       used 73702K, committed 74304K, reserved 1114112K
  class space    used 9940K, committed 10176K, reserved 1048576K
}
Event: 25.017 GC heap before
{Heap before GC invocations=29 (full 0):
 garbage-first heap   total 70656K, used 56155K [0x00000000c4000000, 0x0000000100000000)
  region size 1024K, 21 young (21504K), 3 survivors (3072K)
 Metaspace       used 74354K, committed 75072K, reserved 1114112K
  class space    used 10014K, committed 10368K, reserved 1048576K
}
Event: 25.029 GC heap after
{Heap after GC invocations=30 (full 0):
 garbage-first heap   total 70656K, used 38808K [0x00000000c4000000, 0x0000000100000000)
  region size 1024K, 3 young (3072K), 3 survivors (3072K)
 Metaspace       used 74354K, committed 75072K, reserved 1114112K
  class space    used 10014K, committed 10368K, reserved 1048576K
}
Event: 25.047 GC heap before
{Heap before GC invocations=30 (full 0):
 garbage-first heap   total 70656K, used 39832K [0x00000000c4000000, 0x0000000100000000)
  region size 1024K, 4 young (4096K), 3 survivors (3072K)
 Metaspace       used 74385K, committed 75072K, reserved 1114112K
  class space    used 10016K, committed 10368K, reserved 1048576K
}
Event: 25.052 GC heap after
{Heap after GC invocations=31 (full 0):
 garbage-first heap   total 70656K, used 38628K [0x00000000c4000000, 0x0000000100000000)
  region size 1024K, 1 young (1024K), 1 survivors (1024K)
 Metaspace       used 74385K, committed 75072K, reserved 1114112K
  class space    used 10016K, committed 10368K, reserved 1048576K
}
Event: 25.580 GC heap before
{Heap before GC invocations=31 (full 0):
 garbage-first heap   total 70656K, used 58084K [0x00000000c4000000, 0x0000000100000000)
  region size 1024K, 20 young (20480K), 1 survivors (1024K)
 Metaspace       used 75106K, committed 75776K, reserved 1114112K
  class space    used 10114K, committed 10432K, reserved 1048576K
}
Event: 25.584 GC heap after
{Heap after GC invocations=32 (full 0):
 garbage-first heap   total 70656K, used 39835K [0x00000000c4000000, 0x0000000100000000)
  region size 1024K, 2 young (2048K), 2 survivors (2048K)
 Metaspace       used 75106K, committed 75776K, reserved 1114112K
  class space    used 10114K, committed 10432K, reserved 1048576K
}
Event: 26.268 GC heap before
{Heap before GC invocations=33 (full 0):
 garbage-first heap   total 75776K, used 58267K [0x00000000c4000000, 0x0000000100000000)
  region size 1024K, 20 young (20480K), 2 survivors (2048K)
 Metaspace       used 76477K, committed 77056K, reserved 1179648K
  class space    used 10266K, committed 10560K, reserved 1048576K
}
Event: 26.276 GC heap after
{Heap after GC invocations=34 (full 0):
 garbage-first heap   total 75776K, used 40631K [0x00000000c4000000, 0x0000000100000000)
  region size 1024K, 3 young (3072K), 3 survivors (3072K)
 Metaspace       used 76477K, committed 77056K, reserved 1179648K
  class space    used 10266K, committed 10560K, reserved 1048576K
}
Event: 27.334 GC heap before
{Heap before GC invocations=34 (full 0):
 garbage-first heap   total 75776K, used 62135K [0x00000000c4000000, 0x0000000100000000)
  region size 1024K, 24 young (24576K), 3 survivors (3072K)
 Metaspace       used 77948K, committed 78656K, reserved 1179648K
  class space    used 10465K, committed 10816K, reserved 1048576K
}
Event: 27.341 GC heap after
{Heap after GC invocations=35 (full 0):
 garbage-first heap   total 129024K, used 42254K [0x00000000c4000000, 0x0000000100000000)
  region size 1024K, 3 young (3072K), 3 survivors (3072K)
 Metaspace       used 77948K, committed 78656K, reserved 1179648K
  class space    used 10465K, committed 10816K, reserved 1048576K
}
Event: 29.883 GC heap before
{Heap before GC invocations=36 (full 0):
 garbage-first heap   total 129024K, used 104718K [0x00000000c4000000, 0x0000000100000000)
  region size 1024K, 64 young (65536K), 3 survivors (3072K)
 Metaspace       used 80950K, committed 81600K, reserved 1179648K
  class space    used 10916K, committed 11200K, reserved 1048576K
}
Event: 29.899 GC heap after
{Heap after GC invocations=37 (full 0):
 garbage-first heap   total 129024K, used 46540K [0x00000000c4000000, 0x0000000100000000)
  region size 1024K, 7 young (7168K), 7 survivors (7168K)
 Metaspace       used 80950K, committed 81600K, reserved 1179648K
  class space    used 10916K, committed 11200K, reserved 1048576K
}

Dll operation events (13 events):
Event: 0.040 Loaded shared library C:\Program Files\Microsoft\jdk-17.0.15.6-hotspot\bin\java.dll
Event: 0.097 Loaded shared library C:\Program Files\Microsoft\jdk-17.0.15.6-hotspot\bin\jsvml.dll
Event: 0.327 Loaded shared library C:\Program Files\Microsoft\jdk-17.0.15.6-hotspot\bin\zip.dll
Event: 0.335 Loaded shared library C:\Program Files\Microsoft\jdk-17.0.15.6-hotspot\bin\instrument.dll
Event: 0.347 Loaded shared library C:\Program Files\Microsoft\jdk-17.0.15.6-hotspot\bin\net.dll
Event: 0.351 Loaded shared library C:\Program Files\Microsoft\jdk-17.0.15.6-hotspot\bin\nio.dll
Event: 0.359 Loaded shared library C:\Program Files\Microsoft\jdk-17.0.15.6-hotspot\bin\zip.dll
Event: 0.670 Loaded shared library C:\Program Files\Microsoft\jdk-17.0.15.6-hotspot\bin\extnet.dll
Event: 0.749 Loaded shared library C:\Program Files\Microsoft\jdk-17.0.15.6-hotspot\bin\jimage.dll
Event: 1.590 Loaded shared library C:\Program Files\Microsoft\jdk-17.0.15.6-hotspot\bin\management.dll
Event: 1.606 Loaded shared library C:\Program Files\Microsoft\jdk-17.0.15.6-hotspot\bin\management_ext.dll
Event: 4.833 Loaded shared library C:\Program Files\Microsoft\jdk-17.0.15.6-hotspot\bin\sunmscapi.dll
Event: 14.984 Loaded shared library C:\Program Files\Microsoft\jdk-17.0.15.6-hotspot\bin\verify.dll

Deoptimization events (20 events):
Event: 30.437 Thread 0x00000228ea8ec3c0 DEOPT PACKING pc=0x00000228da39fac4 sp=0x000000a05befd660
Event: 30.437 Thread 0x00000228ea8ec3c0 DEOPT UNPACKING pc=0x00000228d9c5a1a3 sp=0x000000a05befd620 mode 2
Event: 30.449 Thread 0x00000228ea8ec3c0 Uncommon trap: trap_request=0xffffffde fr.pc=0x00000228da5b2110 relative=0x0000000000000350
Event: 30.449 Thread 0x00000228ea8ec3c0 Uncommon trap: reason=class_check action=maybe_recompile pc=0x00000228da5b2110 method=java.util.WeakHashMap.matchesKey(Ljava/util/WeakHashMap$Entry;Ljava/lang/Object;)Z @ 21 c2
Event: 30.449 Thread 0x00000228ea8ec3c0 DEOPT PACKING pc=0x00000228da5b2110 sp=0x000000a05befcfd0
Event: 30.450 Thread 0x00000228ea8ec3c0 DEOPT UNPACKING pc=0x00000228d9c5a1a3 sp=0x000000a05befcf08 mode 2
Event: 43.312 Thread 0x00000228ec0091c0 Uncommon trap: trap_request=0xffffff45 fr.pc=0x00000228da2485f0 relative=0x0000000000000170
Event: 43.312 Thread 0x00000228ec0091c0 Uncommon trap: reason=unstable_if action=reinterpret pc=0x00000228da2485f0 method=java.util.concurrent.locks.ReentrantLock$Sync.lock()V @ 4 c2
Event: 43.312 Thread 0x00000228ec0091c0 DEOPT PACKING pc=0x00000228da2485f0 sp=0x000000a05c0ff350
Event: 43.312 Thread 0x00000228ec0091c0 DEOPT UNPACKING pc=0x00000228d9c5a1a3 sp=0x000000a05c0ff2a0 mode 2
Event: 50.742 Thread 0x00000228ec007d80 DEOPT PACKING pc=0x00000228d2efb381 sp=0x000000a05c6fe280
Event: 50.742 Thread 0x00000228ec007d80 DEOPT UNPACKING pc=0x00000228d9c5ace3 sp=0x000000a05c6fd820 mode 0
Event: 50.860 Thread 0x00000228ec007d80 Uncommon trap: trap_request=0xffffff45 fr.pc=0x00000228da1b7018 relative=0x00000000000001f8
Event: 50.860 Thread 0x00000228ec007d80 Uncommon trap: reason=unstable_if action=reinterpret pc=0x00000228da1b7018 method=java.lang.String.indexOf(Ljava/lang/String;)I @ 10 c2
Event: 50.860 Thread 0x00000228ec007d80 DEOPT PACKING pc=0x00000228da1b7018 sp=0x000000a05c6fd990
Event: 50.860 Thread 0x00000228ec007d80 DEOPT UNPACKING pc=0x00000228d9c5a1a3 sp=0x000000a05c6fd8c8 mode 2
Event: 50.860 Thread 0x00000228ec007d80 Uncommon trap: trap_request=0xffffff45 fr.pc=0x00000228da26e1d0 relative=0x00000000000001d0
Event: 50.860 Thread 0x00000228ec007d80 Uncommon trap: reason=unstable_if action=reinterpret pc=0x00000228da26e1d0 method=java.lang.String.indexOf(Ljava/lang/String;)I @ 10 c2
Event: 50.860 Thread 0x00000228ec007d80 DEOPT PACKING pc=0x00000228da26e1d0 sp=0x000000a05c6fd920
Event: 50.860 Thread 0x00000228ec007d80 DEOPT UNPACKING pc=0x00000228d9c5a1a3 sp=0x000000a05c6fd8c0 mode 2

Classes loaded (20 events):
Event: 50.785 Loading class java/util/concurrent/ArrayBlockingQueue
Event: 50.786 Loading class java/util/concurrent/ArrayBlockingQueue done
Event: 50.787 Loading class java/util/concurrent/ArrayBlockingQueue$Itr
Event: 50.794 Loading class java/util/concurrent/ArrayBlockingQueue$Itr done
Event: 50.996 Loading class java/util/ArrayDeque$DescendingIterator
Event: 51.000 Loading class java/util/ArrayDeque$DescendingIterator done
Event: 51.323 Loading class java/time/format/DateTimeFormatterBuilder$ZoneTextPrinterParser
Event: 51.323 Loading class java/time/format/DateTimeFormatterBuilder$ZoneTextPrinterParser done
Event: 51.323 Loading class java/time/format/DateTimeFormatterBuilder$ReducedPrinterParser
Event: 51.324 Loading class java/time/format/DateTimeFormatterBuilder$ReducedPrinterParser done
Event: 51.335 Loading class java/io/PushbackInputStream
Event: 51.336 Loading class java/io/PushbackInputStream done
Event: 51.368 Loading class org/w3c/dom/Node
Event: 51.368 Loading class org/w3c/dom/Node done
Event: 51.368 Loading class org/w3c/dom/Document
Event: 51.369 Loading class org/w3c/dom/Document done
Event: 51.722 Loading class java/time/format/DateTimeParseContext
Event: 51.734 Loading class java/time/format/DateTimeParseContext done
Event: 51.734 Loading class java/time/format/Parsed
Event: 51.735 Loading class java/time/format/Parsed done

Classes unloaded (0 events):
No events

Classes redefined (0 events):
No events

Internal exceptions (20 events):
Event: 27.291 Thread 0x00000228ea8ec3c0 Exception <a 'java/lang/NoSuchMethodError'{0x00000000c720d438}: 'java.lang.Object java.lang.invoke.DirectMethodHandle$Holder.newInvokeSpecial(java.lang.Object, java.lang.Object, java.lang.Object, java.lang.Object, java.lang.Object, java.lang.Object, java.lang.Object, java.lang.Object, java.lang.Object)'> (0x00000000c720d438) 
thrown [s\src\hotspot\share\interpreter\linkResolver.cpp, line 759]
Event: 27.291 Thread 0x00000228ea8ec3c0 Exception <a 'java/lang/NoSuchMethodError'{0x00000000c72128e0}: 'java.lang.Object java.lang.invoke.Invokers$Holder.linkToTargetMethod(java.lang.Object, java.lang.Object, java.lang.Object, java.lang.Object, java.lang.Object, java.lang.Object, java.lang.Object, java.lang.Object, java.lang.Object)'> (0x00000000c72128e0) 
thrown [s\src\hotspot\share\interpreter\linkResolver.cpp, line 759]
Event: 28.176 Thread 0x00000228ea8ec3c0 Exception <a 'java/lang/NoSuchMethodError'{0x00000000caab7718}: 'java.lang.Object java.lang.invoke.DirectMethodHandle$Holder.invokeInterface(java.lang.Object, java.lang.Object, java.lang.Object, java.lang.Object)'> (0x00000000caab7718) 
thrown [s\src\hotspot\share\interpreter\linkResolver.cpp, line 759]
Event: 28.408 Thread 0x00000228ea8ec3c0 Exception <a 'java/lang/NoSuchMethodError'{0x00000000ca43d2f0}: 'void java.lang.invoke.DirectMethodHandle$Holder.invokeVirtual(java.lang.Object, java.lang.Object, long)'> (0x00000000ca43d2f0) 
thrown [s\src\hotspot\share\interpreter\linkResolver.cpp, line 759]
Event: 29.055 Thread 0x00000228ea8ec3c0 Exception <a 'java/lang/IncompatibleClassChangeError'{0x00000000c93f1368}: Found class java.lang.Object, but interface was expected> (0x00000000c93f1368) 
thrown [s\src\hotspot\share\interpreter\linkResolver.cpp, line 826]
Event: 29.401 Thread 0x00000228ea8ec3c0 Exception <a 'java/lang/NoSuchMethodError'{0x00000000c8c6ddc0}: 'double java.lang.invoke.DirectMethodHandle$Holder.invokeStatic(java.lang.Object, java.lang.Object)'> (0x00000000c8c6ddc0) 
thrown [s\src\hotspot\share\interpreter\linkResolver.cpp, line 759]
Event: 29.493 Thread 0x00000228ea8ec3c0 Exception <a 'java/lang/NoSuchMethodError'{0x00000000c8a81768}: 'java.lang.Object java.lang.invoke.DirectMethodHandle$Holder.invokeSpecial(java.lang.Object, java.lang.Object, java.lang.Object, java.lang.Object, java.lang.Object, java.lang.Object, java.lang.Object, java.lang.Object, java.lang.Object, java.lang.Object, java.lang.Object)'> (0x00000000c8a81768) 
thrown [s\src\hotspot\share\interpreter\linkResolver.cpp, line 759]
Event: 29.493 Thread 0x00000228ea8ec3c0 Exception <a 'java/lang/NoSuchMethodError'{0x00000000c8a85b50}: 'java.lang.Object java.lang.invoke.Invokers$Holder.invoke_MT(java.lang.Object, java.lang.Object, java.lang.Object, java.lang.Object, java.lang.Object, java.lang.Object, java.lang.Object, java.lang.Object, java.lang.Object, java.lang.Object, java.lang.Object)'> (0x00000000c8a85b50) 
thrown [s\src\hotspot\share\interpreter\linkResolver.cpp, line 759]
Event: 29.596 Thread 0x00000228ea8ec3c0 Implicit null exception at 0x00000228da5fb21c to 0x00000228da5fb454
Event: 29.930 Thread 0x00000228ea8ec3c0 Exception <a 'java/lang/IncompatibleClassChangeError'{0x00000000cbc6af38}: Found class java.lang.Object, but interface was expected> (0x00000000cbc6af38) 
thrown [s\src\hotspot\share\interpreter\linkResolver.cpp, line 826]
Event: 29.994 Thread 0x00000228ea3f8240 Exception <a 'java/lang/NoSuchMethodError'{0x00000000cbd9ea38}: 'long java.lang.invoke.DirectMethodHandle$Holder.invokeStatic(java.lang.Object, java.lang.Object, java.lang.Object)'> (0x00000000cbd9ea38) 
thrown [s\src\hotspot\share\interpreter\linkResolver.cpp, line 759]
Event: 29.997 Thread 0x00000228ea8ec3c0 Exception <a 'java/lang/NoSuchMethodError'{0x00000000cbaba8d8}: 'void java.lang.invoke.DirectMethodHandle$Holder.invokeStatic(java.lang.Object, java.lang.Object, double)'> (0x00000000cbaba8d8) 
thrown [s\src\hotspot\share\interpreter\linkResolver.cpp, line 759]
Event: 30.040 Thread 0x00000228ea8ec3c0 Exception <a 'java/lang/NoSuchMethodError'{0x00000000cb915e58}: 'double java.lang.invoke.DirectMethodHandle$Holder.invokeStatic(java.lang.Object, java.lang.Object, java.lang.Object)'> (0x00000000cb915e58) 
thrown [s\src\hotspot\share\interpreter\linkResolver.cpp, line 759]
Event: 30.178 Thread 0x00000228ea8ec3c0 Exception <a 'java/lang/IncompatibleClassChangeError'{0x00000000cb822070}: Found class java.lang.Object, but interface was expected> (0x00000000cb822070) 
thrown [s\src\hotspot\share\interpreter\linkResolver.cpp, line 826]
Event: 30.193 Thread 0x00000228ea8ec3c0 Exception <a 'java/lang/NoSuchMethodError'{0x00000000cb849f78}: 'java.lang.Object java.lang.invoke.DirectMethodHandle$Holder.newInvokeSpecial(java.lang.Object, java.lang.Object, int, java.lang.Object, java.lang.Object)'> (0x00000000cb849f78) 
thrown [s\src\hotspot\share\interpreter\linkResolver.cpp, line 759]
Event: 30.363 Thread 0x00000228ea8ec3c0 Exception <a 'java/lang/IncompatibleClassChangeError'{0x00000000cb191948}: Found class java.lang.Object, but interface was expected> (0x00000000cb191948) 
thrown [s\src\hotspot\share\interpreter\linkResolver.cpp, line 826]
Event: 30.437 Thread 0x00000228ea8ec3c0 Implicit null exception at 0x00000228da39f8f9 to 0x00000228da39fab8
Event: 50.641 Thread 0x00000228ec007d80 Exception <a 'java/lang/NoSuchMethodError'{0x00000000caa39de8}: 'java.lang.Object java.lang.invoke.DirectMethodHandle$Holder.invokeSpecial(java.lang.Object, java.lang.Object, java.lang.Object, java.lang.Object, java.lang.Object, long)'> (0x00000000caa39de8) 
thrown [s\src\hotspot\share\interpreter\linkResolver.cpp, line 759]
Event: 50.641 Thread 0x00000228ec007d80 Exception <a 'java/lang/NoSuchMethodError'{0x00000000caa3d7e0}: 'java.lang.Object java.lang.invoke.Invokers$Holder.linkToTargetMethod(java.lang.Object, java.lang.Object, java.lang.Object, long, java.lang.Object)'> (0x00000000caa3d7e0) 
thrown [s\src\hotspot\share\interpreter\linkResolver.cpp, line 759]
Event: 52.094 Thread 0x00000228ec007d80 Exception <a 'java/lang/NoSuchMethodError'{0x00000000ca0d1f48}: 'void java.lang.invoke.DirectMethodHandle$Holder.invokeSpecialIFC(java.lang.Object, java.lang.Object, int, java.lang.Object, java.lang.Object, java.lang.Object, java.lang.Object)'> (0x00000000ca0d1f48) 
thrown [s\src\hotspot\share\interpreter\linkResolver.cpp, line 759]

VM Operations (20 events):
Event: 30.190 Executing VM operation: HandshakeAllThreads
Event: 30.190 Executing VM operation: HandshakeAllThreads done
Event: 31.187 Executing VM operation: Cleanup
Event: 31.187 Executing VM operation: Cleanup done
Event: 39.253 Executing VM operation: Cleanup
Event: 39.253 Executing VM operation: Cleanup done
Event: 40.263 Executing VM operation: Cleanup
Event: 40.263 Executing VM operation: Cleanup done
Event: 50.692 Executing VM operation: HandshakeAllThreads
Event: 50.692 Executing VM operation: HandshakeAllThreads done
Event: 50.692 Executing VM operation: Cleanup
Event: 50.692 Executing VM operation: Cleanup done
Event: 51.260 Executing VM operation: HandshakeAllThreads
Event: 51.260 Executing VM operation: HandshakeAllThreads done
Event: 51.451 Executing VM operation: HandshakeAllThreads
Event: 51.451 Executing VM operation: HandshakeAllThreads done
Event: 51.938 Executing VM operation: HandshakeAllThreads
Event: 51.938 Executing VM operation: HandshakeAllThreads done
Event: 51.938 Executing VM operation: Cleanup
Event: 51.938 Executing VM operation: Cleanup done

Memory protections (0 events):
No events

Nmethod flushes (20 events):
Event: 27.666 Thread 0x00000228e5e567b0 flushing  nmethod 0x00000228d347b510
Event: 27.666 Thread 0x00000228e5e567b0 flushing  nmethod 0x00000228d3489f10
Event: 27.666 Thread 0x00000228e5e567b0 flushing  nmethod 0x00000228d349d210
Event: 27.666 Thread 0x00000228e5e567b0 flushing  nmethod 0x00000228d34b1690
Event: 27.666 Thread 0x00000228e5e567b0 flushing  nmethod 0x00000228d34b5590
Event: 27.666 Thread 0x00000228e5e567b0 flushing  nmethod 0x00000228d34ecf90
Event: 27.666 Thread 0x00000228e5e567b0 flushing  nmethod 0x00000228d34f6090
Event: 27.666 Thread 0x00000228e5e567b0 flushing  nmethod 0x00000228d3581290
Event: 27.666 Thread 0x00000228e5e567b0 flushing  nmethod 0x00000228d3581810
Event: 27.666 Thread 0x00000228e5e567b0 flushing  nmethod 0x00000228d358a510
Event: 27.667 Thread 0x00000228e5e567b0 flushing  nmethod 0x00000228d3598490
Event: 27.667 Thread 0x00000228e5e567b0 flushing  nmethod 0x00000228d35b2710
Event: 27.667 Thread 0x00000228e5e567b0 flushing  nmethod 0x00000228d35c2990
Event: 27.667 Thread 0x00000228e5e567b0 flushing  nmethod 0x00000228d35d7910
Event: 27.667 Thread 0x00000228e5e567b0 flushing  nmethod 0x00000228d35d8110
Event: 27.667 Thread 0x00000228e5e567b0 flushing  nmethod 0x00000228d35d9f90
Event: 27.667 Thread 0x00000228e5e567b0 flushing  nmethod 0x00000228d35dab10
Event: 27.667 Thread 0x00000228e5e567b0 flushing  nmethod 0x00000228d35dc310
Event: 27.667 Thread 0x00000228e5e567b0 flushing  nmethod 0x00000228d35dfd90
Event: 27.667 Thread 0x00000228e5e567b0 flushing  nmethod 0x00000228d3607610

Events (20 events):
Event: 29.881 Thread 0x00000228ea8ec3c0 Thread added: 0x00000228ec007d80
Event: 29.908 Thread 0x00000228ea8ec3c0 Thread added: 0x00000228ec005f20
Event: 29.916 Thread 0x00000228ec007d80 Thread exited: 0x00000228ec007d80
Event: 30.224 Thread 0x00000228ea8ec3c0 Thread added: 0x00000228ec007d80
Event: 30.225 Thread 0x00000228ea8ec3c0 Thread added: 0x00000228ec006940
Event: 30.225 Thread 0x00000228ea8ec3c0 Thread added: 0x00000228ee6f8860
Event: 30.225 Thread 0x00000228ea8ec3c0 Thread added: 0x00000228ee6f8d70
Event: 30.225 Thread 0x00000228ea8ec3c0 Thread added: 0x00000228ee6f7e40
Event: 30.225 Thread 0x00000228ea8ec3c0 Thread added: 0x00000228ee6f9280
Event: 30.225 Thread 0x00000228ea8ec3c0 Thread added: 0x00000228ee6f9790
Event: 30.225 Thread 0x00000228ea8ec3c0 Thread added: 0x00000228ee6f8350
Event: 30.225 Thread 0x00000228ea8ec3c0 Thread added: 0x00000228ee6f9ca0
Event: 30.225 Thread 0x00000228ea8ec3c0 Thread added: 0x00000228ee6fa1b0
Event: 30.292 Thread 0x00000228ea8ec3c0 Thread added: 0x00000228ee6fa6c0
Event: 30.295 Thread 0x00000228ea8ec3c0 Thread added: 0x00000228ee6f6f10
Event: 30.496 Thread 0x00000228ea8ec3c0 Thread exited: 0x00000228ea8ec3c0
Event: 30.507 Thread 0x00000228ea8ebb80 Thread exited: 0x00000228ea8ebb80
Event: 30.507 Thread 0x00000228cab9d7c0 Thread exited: 0x00000228cab9d7c0
Event: 30.507 Thread 0x00000228ee6f7420 Thread added: 0x00000228ee6f7420
Event: 50.644 Thread 0x00000228e5e4ddc0 Thread added: 0x00000228ead72410


Dynamic libraries:
0x00007ff756080000 - 0x00007ff75608e000 	C:\Program Files\Microsoft\jdk-17.0.15.6-hotspot\bin\java.exe
0x00007ff957890000 - 0x00007ff957aa7000 	C:\WINDOWS\SYSTEM32\ntdll.dll
0x00007ff9566f0000 - 0x00007ff9567b4000 	C:\WINDOWS\System32\KERNEL32.DLL
0x00007ff954980000 - 0x00007ff954d53000 	C:\WINDOWS\System32\KERNELBASE.dll
0x00007ff955400000 - 0x00007ff955511000 	C:\WINDOWS\System32\ucrtbase.dll
0x00007ff9437d0000 - 0x00007ff9437e7000 	C:\Program Files\Microsoft\jdk-17.0.15.6-hotspot\bin\jli.dll
0x00007ff9555b0000 - 0x00007ff955761000 	C:\WINDOWS\System32\USER32.dll
0x00007ff954f20000 - 0x00007ff954f46000 	C:\WINDOWS\System32\win32u.dll
0x00007ff956380000 - 0x00007ff9563a9000 	C:\WINDOWS\System32\GDI32.dll
0x00007ff954f50000 - 0x00007ff955074000 	C:\WINDOWS\System32\gdi32full.dll
0x00007ff9551f0000 - 0x00007ff95528a000 	C:\WINDOWS\System32\msvcp_win.dll
0x00007ff93fb10000 - 0x00007ff93fdab000 	C:\WINDOWS\WinSxS\amd64_microsoft.windows.common-controls_6595b64144ccf1df_6.0.22621.5240_none_2710eadf7384a318\COMCTL32.dll
0x00007ff956d80000 - 0x00007ff956e27000 	C:\WINDOWS\System32\msvcrt.dll
0x00007ff94ec50000 - 0x00007ff94ec6d000 	C:\Program Files\Microsoft\jdk-17.0.15.6-hotspot\bin\VCRUNTIME140.dll
0x00007ff9564e0000 - 0x00007ff956511000 	C:\WINDOWS\System32\IMM32.DLL
0x00007ff9437c0000 - 0x00007ff9437cc000 	C:\Program Files\Microsoft\jdk-17.0.15.6-hotspot\bin\vcruntime140_1.dll
0x00007ff941850000 - 0x00007ff9418dd000 	C:\Program Files\Microsoft\jdk-17.0.15.6-hotspot\bin\msvcp140.dll
0x00007ff8ea420000 - 0x00007ff8eb092000 	C:\Program Files\Microsoft\jdk-17.0.15.6-hotspot\bin\server\jvm.dll
0x00007ff956ca0000 - 0x00007ff956d51000 	C:\WINDOWS\System32\ADVAPI32.dll
0x00007ff957120000 - 0x00007ff9571c7000 	C:\WINDOWS\System32\sechost.dll
0x00007ff955140000 - 0x00007ff955168000 	C:\WINDOWS\System32\bcrypt.dll
0x00007ff9567c0000 - 0x00007ff9568d4000 	C:\WINDOWS\System32\RPCRT4.dll
0x00007ff956300000 - 0x00007ff956371000 	C:\WINDOWS\System32\WS2_32.dll
0x00007ff94ed60000 - 0x00007ff94ed94000 	C:\WINDOWS\SYSTEM32\WINMM.dll
0x00007ff950d90000 - 0x00007ff950d9a000 	C:\WINDOWS\SYSTEM32\VERSION.dll
0x00007ff954850000 - 0x00007ff95489d000 	C:\WINDOWS\SYSTEM32\POWRPROF.dll
0x00007ff954830000 - 0x00007ff954843000 	C:\WINDOWS\SYSTEM32\UMPDC.dll
0x00007ff953980000 - 0x00007ff953998000 	C:\WINDOWS\SYSTEM32\kernel.appcore.dll
0x00007ff9437b0000 - 0x00007ff9437ba000 	C:\Program Files\Microsoft\jdk-17.0.15.6-hotspot\bin\jimage.dll
0x00007ff951dd0000 - 0x00007ff952002000 	C:\WINDOWS\SYSTEM32\DBGHELP.DLL
0x00007ff9568f0000 - 0x00007ff956c83000 	C:\WINDOWS\System32\combase.dll
0x00007ff956f60000 - 0x00007ff957037000 	C:\WINDOWS\System32\OLEAUT32.dll
0x00007ff93c8e0000 - 0x00007ff93c912000 	C:\WINDOWS\SYSTEM32\dbgcore.DLL
0x00007ff955170000 - 0x00007ff9551eb000 	C:\WINDOWS\System32\bcryptPrimitives.dll
0x00007ff9437a0000 - 0x00007ff9437ae000 	C:\Program Files\Microsoft\jdk-17.0.15.6-hotspot\bin\instrument.dll
0x00007ff943240000 - 0x00007ff943265000 	C:\Program Files\Microsoft\jdk-17.0.15.6-hotspot\bin\java.dll
0x00007ff8bf3b0000 - 0x00007ff8bf486000 	C:\Program Files\Microsoft\jdk-17.0.15.6-hotspot\bin\jsvml.dll
0x00007ff955a50000 - 0x00007ff9562f2000 	C:\WINDOWS\System32\SHELL32.dll
0x00007ff954de0000 - 0x00007ff954f1f000 	C:\WINDOWS\System32\wintypes.dll
0x00007ff952870000 - 0x00007ff95318d000 	C:\WINDOWS\SYSTEM32\windows.storage.dll
0x00007ff9563d0000 - 0x00007ff9564db000 	C:\WINDOWS\System32\SHCORE.dll
0x00007ff957040000 - 0x00007ff9570a9000 	C:\WINDOWS\System32\shlwapi.dll
0x00007ff9548b0000 - 0x00007ff9548db000 	C:\WINDOWS\SYSTEM32\profapi.dll
0x00007ff93d7b0000 - 0x00007ff93d7c8000 	C:\Program Files\Microsoft\jdk-17.0.15.6-hotspot\bin\zip.dll
0x00007ff943780000 - 0x00007ff94379a000 	C:\Program Files\Microsoft\jdk-17.0.15.6-hotspot\bin\net.dll
0x00007ff945700000 - 0x00007ff94582c000 	C:\WINDOWS\SYSTEM32\WINHTTP.dll
0x00007ff953e00000 - 0x00007ff953e6a000 	C:\WINDOWS\system32\mswsock.dll
0x00007ff9415f0000 - 0x00007ff941606000 	C:\Program Files\Microsoft\jdk-17.0.15.6-hotspot\bin\nio.dll
0x00007ff943760000 - 0x00007ff943769000 	C:\Program Files\Microsoft\jdk-17.0.15.6-hotspot\bin\extnet.dll
0x00007ff943230000 - 0x00007ff94323a000 	C:\Program Files\Microsoft\jdk-17.0.15.6-hotspot\bin\management.dll
0x00007ff93d7a0000 - 0x00007ff93d7ab000 	C:\Program Files\Microsoft\jdk-17.0.15.6-hotspot\bin\management_ext.dll
0x00007ff9568e0000 - 0x00007ff9568e8000 	C:\WINDOWS\System32\PSAPI.DLL
0x00007ff93d790000 - 0x00007ff93d79e000 	C:\Program Files\Microsoft\jdk-17.0.15.6-hotspot\bin\sunmscapi.dll
0x00007ff955290000 - 0x00007ff9553f7000 	C:\WINDOWS\System32\CRYPT32.dll
0x00007ff954250000 - 0x00007ff95427d000 	C:\WINDOWS\SYSTEM32\ncrypt.dll
0x00007ff954210000 - 0x00007ff954247000 	C:\WINDOWS\SYSTEM32\NTASN1.dll
0x00007ff954020000 - 0x00007ff95403b000 	C:\WINDOWS\SYSTEM32\CRYPTSP.dll
0x00007ff9538e0000 - 0x00007ff953917000 	C:\WINDOWS\system32\rsaenh.dll
0x00007ff953ec0000 - 0x00007ff953ee8000 	C:\WINDOWS\SYSTEM32\USERENV.dll
0x00007ff954040000 - 0x00007ff95404c000 	C:\WINDOWS\SYSTEM32\CRYPTBASE.dll
0x00007ff953430000 - 0x00007ff95345d000 	C:\WINDOWS\SYSTEM32\IPHLPAPI.DLL
0x00007ff956c90000 - 0x00007ff956c99000 	C:\WINDOWS\System32\NSI.dll
0x00007ff945850000 - 0x00007ff945869000 	C:\WINDOWS\SYSTEM32\dhcpcsvc6.DLL
0x00007ff945830000 - 0x00007ff94584f000 	C:\WINDOWS\SYSTEM32\dhcpcsvc.DLL
0x00007ff9534b0000 - 0x00007ff9535a8000 	C:\WINDOWS\SYSTEM32\DNSAPI.dll
0x00007ff93d710000 - 0x00007ff93d720000 	C:\Program Files\Microsoft\jdk-17.0.15.6-hotspot\bin\verify.dll
0x00007ff945060000 - 0x00007ff94506a000 	C:\Windows\System32\rasadhlp.dll
0x00007ff9458e0000 - 0x00007ff945963000 	C:\WINDOWS\System32\fwpuclnt.dll
0x00007ff92aaf0000 - 0x00007ff92aaf8000 	C:\WINDOWS\system32\wshunix.dll

dbghelp: loaded successfully - version: 4.0.5 - missing functions: none
symbol engine: initialized successfully - sym options: 0x614 - pdb path: .;C:\Program Files\Microsoft\jdk-17.0.15.6-hotspot\bin;C:\WINDOWS\SYSTEM32;C:\WINDOWS\WinSxS\amd64_microsoft.windows.common-controls_6595b64144ccf1df_6.0.22621.5240_none_2710eadf7384a318;C:\Program Files\Microsoft\jdk-17.0.15.6-hotspot\bin\server

VM Arguments:
jvm_args: -javaagent:C:\Program Files\JetBrains\IntelliJ IDEA Community Edition 2025.1.1\lib\idea_rt.jar=55625 -Dfile.encoding=UTF-8 
java_command: com.employee.EmployeeApplication
java_class_path (initial): C:\Users\liles\Downloads\EMS Portals\EMS Portal\target\classes;C:\Users\liles\.m2\repository\org\springframework\spring-web\6.1.4\spring-web-6.1.4.jar;C:\Users\liles\.m2\repository\org\springframework\spring-beans\6.2.5\spring-beans-6.2.5.jar;C:\Users\liles\.m2\repository\org\springframework\spring-core\6.2.5\spring-core-6.2.5.jar;C:\Users\liles\.m2\repository\org\springframework\spring-jcl\6.2.5\spring-jcl-6.2.5.jar;C:\Users\liles\.m2\repository\io\micrometer\micrometer-observation\1.14.5\micrometer-observation-1.14.5.jar;C:\Users\liles\.m2\repository\io\micrometer\micrometer-commons\1.14.5\micrometer-commons-1.14.5.jar;C:\Users\liles\.m2\repository\org\springframework\spring-webmvc\6.1.4\spring-webmvc-6.1.4.jar;C:\Users\liles\.m2\repository\org\springframework\spring-aop\6.2.5\spring-aop-6.2.5.jar;C:\Users\liles\.m2\repository\org\springframework\spring-context\6.2.5\spring-context-6.2.5.jar;C:\Users\liles\.m2\repository\org\springframework\spring-expression\6.2.5\spring-expression-6.2.5.jar;C:\Users\liles\.m2\repository\org\springframework\boot\spring-boot-starter-data-jpa\3.4.4\spring-boot-starter-data-jpa-3.4.4.jar;C:\Users\liles\.m2\repository\org\springframework\boot\spring-boot-starter\3.4.4\spring-boot-starter-3.4.4.jar;C:\Users\liles\.m2\repository\org\springframework\boot\spring-boot-starter-logging\3.4.4\spring-boot-starter-logging-3.4.4.jar;C:\Users\liles\.m2\repository\ch\qos\logback\logback-classic\1.5.18\logback-classic-1.5.18.jar;C:\Users\liles\.m2\repository\ch\qos\logback\logback-core\1.5.18\logback-core-1.5.18.jar;C:\Users\liles\.m2\repository\org\apache\logging\log4j\log4j-to-slf4j\2.24.3\log4j-to-slf4j-2.24.3.jar;C:\Users\liles\.m2\repository\org\apache\logging\log4j\log4j-api\2.24.3\log4j-api-2.24.3.jar;C:\Users\liles\.m2\repository\org\slf4j\jul-to-slf4j\2.0.17\jul-to-slf4j-2.0.17.jar;C:\Users\liles\.m2\repository\jakarta\annotation\jakarta.annotation-api\2.1.1\jakarta.annotation-api-2.1.1.jar;C:\Users\liles\.m2\r
Launcher Type: SUN_STANDARD

[Global flags]
     intx CICompilerCount                          = 3                                         {product} {ergonomic}
     uint ConcGCThreads                            = 1                                         {product} {ergonomic}
     uint G1ConcRefinementThreads                  = 4                                         {product} {ergonomic}
   size_t G1HeapRegionSize                         = 1048576                                   {product} {ergonomic}
    uintx GCDrainStackTargetSize                   = 64                                        {product} {ergonomic}
   size_t InitialHeapSize                          = 62914560                                  {product} {ergonomic}
   size_t MarkStackSize                            = 4194304                                   {product} {ergonomic}
   size_t MaxHeapSize                              = 1006632960                                {product} {ergonomic}
   size_t MaxNewSize                               = 603979776                                 {product} {ergonomic}
   size_t MinHeapDeltaBytes                        = 1048576                                   {product} {ergonomic}
   size_t MinHeapSize                              = 8388608                                   {product} {ergonomic}
    uintx NonNMethodCodeHeapSize                   = 5832780                                {pd product} {ergonomic}
    uintx NonProfiledCodeHeapSize                  = 122912730                              {pd product} {ergonomic}
    uintx ProfiledCodeHeapSize                     = 122912730                              {pd product} {ergonomic}
    uintx ReservedCodeCacheSize                    = 251658240                              {pd product} {ergonomic}
     bool SegmentedCodeCache                       = true                                      {product} {ergonomic}
   size_t SoftMaxHeapSize                          = 1006632960                             {manageable} {ergonomic}
     bool UseCompressedClassPointers               = true                           {product lp64_product} {ergonomic}
     bool UseCompressedOops                        = true                           {product lp64_product} {ergonomic}
     bool UseG1GC                                  = true                                      {product} {ergonomic}
     bool UseLargePagesIndividualAllocation        = false                                  {pd product} {ergonomic}

Logging:
Log output configuration:
 #0: stdout all=warning uptime,level,tags
 #1: stderr all=off uptime,level,tags

Environment Variables:
JAVA_HOME=C:\Program Files\Microsoft\jdk-17.0.15.6-hotspot\
PATH=C:\Program Files\Microsoft\jdk-17.0.15.6-hotspot\bin;C:\Python313\Scripts\;C:\Python313\;C:\Program Files\Common Files\Oracle\Java\javapath;C:\Program Files (x86)\Common Files\Oracle\Java\javapath;C:\WINDOWS\system32;C:\WINDOWS;C:\WINDOWS\System32\Wbem;C:\WINDOWS\System32\WindowsPowerShell\v1.0\;C:\WINDOWS\System32\OpenSSH\;C:\MinGW\bin;C:\Program Files\Git\cmd;C:\Android;C:\Windows\System32;C:\Program Files\Docker\Docker\resources\bin;C:\ProgramData\chocolatey\bin;C:\Users\liles\AppData\Local\Android\Sdk\platform-tools;C:\Users\liles\AppData\Local\Android\Sdk\platform;C:\Users\liles\AppData\Local\Android\Sdk;C:\Users\liles\AppData\Local\Android\Sdk\build-tools;C:\Users\liles\AppData\Local\Android\Sdk\emulator;C:\Program Files\nodejs\;C:\Program Files\MySQL\MySQL Shell 8.0\bin\;C:\Users\liles\AppData\Local\Programs\Python\Python310\Scripts\;C:\Users\liles\AppData\Local\Programs\Python\Python310\;C:\Users\liles\AppData\Local\Microsoft\WindowsApps;C:\Users\liles\AppData\Local\Programs\Microsoft VS Code\bin;C:\Users\liles\AppData\Local\GitHubDesktop\bin;C:\Program Files\heroku\bin;C:\Program Files\JetBrains\IntelliJ IDEA Community Edition 2025.1.1\bin;;%MAVEN_HOME%\bin;C:\Users\liles\Downloads\apache-maven-3.9.9-bin\apache-maven-3.9.9\bin;%MAVEN_HOME%\bin;C:\Users\liles\AppData\Local\Programs\cursor\resources\app\bin;C:\Users\liles\AppData\Local\Android\Sdk\platform-tools;C:\Users\liles\AppData\Local\Android\Sdk;C:\Users\liles\AppData\Local\Android\Sdk\emulator;C:\Users\liles\AppData\Local\Android\Sdk\build-tools;C:\Users\liles\AppData\Local\Android\Sdk\platforms;C:\Program Files\Microsoft\jdk-17.0.15.6-hotspot\bin;C:\Users\liles\AppData\Roaming\npm
USERNAME=liles
OS=Windows_NT
PROCESSOR_IDENTIFIER=Intel64 Family 6 Model 126 Stepping 5, GenuineIntel
TMP=C:\Users\liles\AppData\Local\Temp
TEMP=C:\Users\liles\AppData\Local\Temp



Periodic native trim disabled


---------------  S Y S T E M  ---------------

OS:
 Windows 11 , 64 bit Build 22621 (10.0.22621.5305)
OS uptime: 0 days 3:16 hours
Hyper-V role detected

CPU: total 4 (initial active 4) (2 cores per cpu, 2 threads per core) family 6 model 126 stepping 5 microcode 0xa0, cx8, cmov, fxsr, ht, mmx, 3dnowpref, sse, sse2, sse3, ssse3, sse4.1, sse4.2, popcnt, lzcnt, tsc, tscinvbit, avx, avx2, aes, erms, clmul, bmi1, bmi2, adx, avx512f, avx512dq, avx512cd, avx512bw, avx512vl, sha, fma, vzeroupper, avx512_vpopcntdq, avx512_vpclmulqdq, avx512_vaes, avx512_vnni, clflush, clflushopt, avx512_vbmi2, avx512_vbmi, hv
Processor Information for the first 4 processors :
  Max Mhz: 1201, Current Mhz: 1200, Mhz Limit: 1188

Memory: 4k page, system-wide physical 3835M (315M free)
TotalPageFile size 15611M (AvailPageFile size 30M)
current process WorkingSet (physical memory assigned to process): 277M, peak: 279M
current process commit charge ("private bytes"): 408M, peak: 413M

vm_info: OpenJDK 64-Bit Server VM (17.0.15+6-LTS) for windows-amd64 JRE (17.0.15+6-LTS), built on Apr  9 2025 22:27:25 by "MicrosoftCorporation" with unknown MS VC++:1939

END.
